# Logfile created on 2016-08-24 01:18:09 -0400 by logger.rb/54362
D, [2016-08-24T01:18:09.837845 #17638] DEBUG -- : REQUESTING PAGE: GET /api/organizations with {} and HTTP headers {}
D, [2016-08-24T01:18:24.234255 #17646] DEBUG -- : REQUESTING PAGE: GET /api/organizations with {} and HTTP headers {}
D, [2016-08-24T01:18:24.270979 #17646] DEBUG -- : REQUESTING PAGE: GET /api/organizations with {} and HTTP headers {"HTTP_REFERER"=>"/api/organizations"}
D, [2016-08-24T01:22:55.315138 #17735] DEBUG -- : REQUESTING PAGE: POST /api/organizations with {} and HTTP headers {"Accept"=>"application/json", "Content-Type"=>"application/json"}
D, [2016-08-24T01:25:54.117373 #17793] DEBUG -- : REQUESTING PAGE: POST /api/organizations with {} and HTTP headers {"Accept"=>"application/json", "Content-Type"=>"application/json"}
D, [2016-08-24T01:26:18.573512 #17801] DEBUG -- : REQUESTING PAGE: POST /api/organizations?name=Pizza Shop with {} and HTTP headers {"Accept"=>"application/json", "Content-Type"=>"application/json"}
D, [2016-08-24T01:34:29.026220 #17960] DEBUG -- : REQUESTING PAGE: POST /api/organizations?name=Pizza Shop with {} and HTTP headers {"Accept"=>"application/json", "Content-Type"=>"application/json"}
D, [2016-08-24T01:35:48.023158 #17991] DEBUG -- : REQUESTING PAGE: POST /api/organizations?name=Pizza Shop with {} and HTTP headers {"Accept"=>"application/json", "Content-Type"=>"application/json"}
D, [2016-08-24T01:36:32.055629 #18004] DEBUG -- : REQUESTING PAGE: POST /api/organizations?name=Pizza Shop with {} and HTTP headers {"Accept"=>"application/json", "Content-Type"=>"application/json"}
D, [2016-08-24T01:36:44.476777 #18013] DEBUG -- : REQUESTING PAGE: POST /api/organizations?name=Pizza Shop with {} and HTTP headers {"Accept"=>"application/json", "Content-Type"=>"application/json"}
D, [2016-08-24T01:36:59.808807 #18020] DEBUG -- : REQUESTING PAGE: POST /api/organizations?name=Pizza Shop with {} and HTTP headers {"Accept"=>"application/json", "Content-Type"=>"application/json"}
D, [2016-08-24T01:37:35.461526 #18031] DEBUG -- : REQUESTING PAGE: POST /api/organizations?name=Pizza Shop with {} and HTTP headers {"Accept"=>"application/json", "Content-Type"=>"application/json"}
D, [2016-08-24T01:37:43.810000 #18039] DEBUG -- : REQUESTING PAGE: POST /api/organizations?name=Pizza Shop with {} and HTTP headers {"Accept"=>"application/json", "Content-Type"=>"application/json"}
D, [2016-08-24T01:38:10.828236 #18051] DEBUG -- : REQUESTING PAGE: POST /api/organizations?name=Pizza Shop with {} and HTTP headers {"Accept"=>"application/json", "Content-Type"=>"application/json"}
D, [2016-08-24T01:38:46.368647 #18064] DEBUG -- : REQUESTING PAGE: POST /api/organizations?name=Pizza Shop with {} and HTTP headers {"Accept"=>"application/json", "Content-Type"=>"application/json"}
D, [2016-08-24T01:39:12.903461 #18074] DEBUG -- : REQUESTING PAGE: POST /api/organizations?name=Pizza Shop with {} and HTTP headers {"Accept"=>"application/json", "Content-Type"=>"application/json"}
D, [2016-08-24T01:40:35.783062 #18101] DEBUG -- : REQUESTING PAGE: POST /api/organizations?name=Pizza Shop with {} and HTTP headers {"Accept"=>"application/json", "Content-Type"=>"application/json"}
D, [2016-08-24T01:40:50.138561 #18112] DEBUG -- : REQUESTING PAGE: POST /api/organizations?name=Pizza Shop with {} and HTTP headers {"Accept"=>"application/json", "Content-Type"=>"application/json"}
D, [2016-08-24T01:41:45.195921 #18141] DEBUG -- : REQUESTING PAGE: POST /api/organizations?name=Pizza Shop with {} and HTTP headers {"Accept"=>"application/json", "Content-Type"=>"application/json"}
D, [2016-08-24T01:41:58.929662 #18148] DEBUG -- : REQUESTING PAGE: POST /api/organizations?name=Pizza Shop with {} and HTTP headers {"Accept"=>"application/json", "Content-Type"=>"application/json"}
D, [2016-08-24T01:42:09.384741 #18154] DEBUG -- : REQUESTING PAGE: POST /api/organizations?name=Pizza Shop with {} and HTTP headers {"Accept"=>"application/json", "Content-Type"=>"application/json"}
D, [2016-08-24T01:42:16.274346 #18157] DEBUG -- : REQUESTING PAGE: POST /api/organizations?name=Pizza Shop with {} and HTTP headers {"Accept"=>"application/json", "Content-Type"=>"application/json"}
D, [2016-08-24T01:42:50.299936 #18172] DEBUG -- : REQUESTING PAGE: POST /api/organizations?name=Pizza Shop with {} and HTTP headers {"Accept"=>"application/json", "Content-Type"=>"application/json"}
D, [2016-08-24T01:45:51.813802 #18230] DEBUG -- : REQUESTING PAGE: POST /api/organizations?name=Pizza Shop with {} and HTTP headers {"Accept"=>"application/json", "Content-Type"=>"application/json"}
D, [2016-08-24T01:46:17.936299 #18238] DEBUG -- : REQUESTING PAGE: POST /api/organizations?name=Pizza Shop with {} and HTTP headers {"Accept"=>"application/json", "Content-Type"=>"application/json"}
D, [2016-08-24T01:46:43.544936 #18256] DEBUG -- : REQUESTING PAGE: POST /api/organizations?name=Pizza Shop with {} and HTTP headers {"Accept"=>"application/json", "Content-Type"=>"application/json"}
D, [2016-08-24T01:46:55.224633 #18261] DEBUG -- : REQUESTING PAGE: POST /api/organizations?name=Pizza Shop with {} and HTTP headers {"Accept"=>"application/json", "Content-Type"=>"application/json"}
D, [2016-08-24T01:47:03.191825 #18268] DEBUG -- : REQUESTING PAGE: POST /api/organizations?name=Pizza Shop with {} and HTTP headers {"Accept"=>"application/json", "Content-Type"=>"application/json"}
D, [2016-08-24T01:51:21.424598 #18352] DEBUG -- : REQUESTING PAGE: POST /api/organizations?name=Pizza Shop with {} and HTTP headers {"Accept"=>"application/json", "Content-Type"=>"application/json"}
D, [2016-08-24T01:51:21.465929 #18352] DEBUG -- : REQUESTING PAGE: POST /api/organizations?name=Pizza Shop with {} and HTTP headers {"Accept"=>"application/json", "Content-Type"=>"application/json"}
D, [2016-08-24T01:53:46.867808 #18403] DEBUG -- : REQUESTING PAGE: POST /api/organizations?name=Pizza Shop with {} and HTTP headers {"Accept"=>"application/json", "Content-Type"=>"application/json"}
D, [2016-08-24T01:53:46.909466 #18403] DEBUG -- : REQUESTING PAGE: POST /api/organizations?name=Pizza Shop with {} and HTTP headers {"Accept"=>"application/json", "Content-Type"=>"application/json"}
D, [2016-08-24T01:53:46.911686 #18403] DEBUG -- : REQUESTING PAGE: POST /api/users?first_name=John&last_name=Doe&email=johndoe@example.com with {} and HTTP headers {"Accept"=>"application/json", "Content-Type"=>"application/json", "HTTP_AUTHORIZATION"=>"Basic NTY3MWE5OWUtNTlkZS00OThhLWExODItMDcxZjJhYjBjMDY3OjZMdDJZcVp1RXdtblVqMnF2cEdWSEIxN3BSYkw=", "HTTP_REFERER"=>"/api/organizations?name=Pizza Shop"}
D, [2016-08-24T01:58:16.783479 #18487] DEBUG -- : REQUESTING PAGE: POST /api/organizations?name=Pizza Shop with {} and HTTP headers {"Accept"=>"application/json", "Content-Type"=>"application/json"}
D, [2016-08-24T01:58:16.823270 #18487] DEBUG -- : REQUESTING PAGE: POST /api/organizations?name=Pizza Shop with {} and HTTP headers {"Accept"=>"application/json", "Content-Type"=>"application/json"}
D, [2016-08-24T01:58:16.825264 #18487] DEBUG -- : REQUESTING PAGE: POST /api/users?first_name=John&last_name=Doe&email=johndoe@example.com with {} and HTTP headers {"Accept"=>"application/json", "Content-Type"=>"application/json", "HTTP_AUTHORIZATION"=>"Basic ODRjNjNiNjAtZjRhZC00YmMxLWI4ZDQtNTViNmE4NmZiMWZjOmJyWXNKL2dUcWJVTFhET0FGSHBBYlBsc3Y0UDM=", "HTTP_REFERER"=>"/api/organizations?name=Pizza Shop"}
D, [2016-08-24T02:00:06.091554 #18528] DEBUG -- : REQUESTING PAGE: POST /api/organizations?name=Pizza Shop with {} and HTTP headers {"Accept"=>"application/json", "Content-Type"=>"application/json"}
D, [2016-08-24T02:00:06.128835 #18528] DEBUG -- : REQUESTING PAGE: POST /api/organizations?name=Pizza Shop with {} and HTTP headers {"Accept"=>"application/json", "Content-Type"=>"application/json"}
D, [2016-08-24T02:00:06.130728 #18528] DEBUG -- : REQUESTING PAGE: POST /api/users?first_name=John&last_name=Doe&email=johndoe@example.com with {} and HTTP headers {"Accept"=>"application/json", "Content-Type"=>"application/json", "HTTP_AUTHORIZATION"=>"Basic NDdhMjhmY2EtMjgzNi00YmY3LWE3MjItNTIxYTExNjdmNjkwOkRoblFWemU1aWdQSC9xdVNCeVFraWVYNW9PTlM=", "HTTP_REFERER"=>"/api/organizations?name=Pizza Shop"}
D, [2016-08-24T02:00:06.135643 #18528] DEBUG -- : REQUESTING PAGE: POST /api/organizations?name=Pizza Shop with {} and HTTP headers {"Accept"=>"application/json", "Content-Type"=>"application/json"}
D, [2016-08-24T02:02:48.989182 #18580] DEBUG -- : REQUESTING PAGE: POST /api/organizations?name=Pizza Shop with {} and HTTP headers {"Accept"=>"application/json", "Content-Type"=>"application/json"}
D, [2016-08-24T02:02:49.025384 #18580] DEBUG -- : REQUESTING PAGE: POST /api/organizations?name=Pizza Shop with {} and HTTP headers {"Accept"=>"application/json", "Content-Type"=>"application/json"}
D, [2016-08-24T02:02:49.028270 #18580] DEBUG -- : REQUESTING PAGE: POST /api/users?first_name=John&last_name=Doe&email=johndoe@example.com with {} and HTTP headers {"Accept"=>"application/json", "Content-Type"=>"application/json", "HTTP_AUTHORIZATION"=>"Basic ODMwYTM2ZTItMDFlOC00Nzk4LWIyZWItZTQ0NzJmODc4MzA0OitWbE5BYi82MHdTdUo2RFhmTnZMQjlxenRBTEY=", "HTTP_REFERER"=>"/api/organizations?name=Pizza Shop"}
D, [2016-08-24T02:02:49.038716 #18580] DEBUG -- : REQUESTING PAGE: POST /api/organizations?name=Pizza Shop with {} and HTTP headers {"Accept"=>"application/json", "Content-Type"=>"application/json"}
D, [2016-08-24T02:03:10.852139 #18588] DEBUG -- : REQUESTING PAGE: POST /api/organizations?name=Pizza Shop with {} and HTTP headers {"Accept"=>"application/json", "Content-Type"=>"application/json"}
D, [2016-08-24T02:03:10.889101 #18588] DEBUG -- : REQUESTING PAGE: POST /api/organizations?name=Pizza Shop with {} and HTTP headers {"Accept"=>"application/json", "Content-Type"=>"application/json"}
D, [2016-08-24T02:03:10.890942 #18588] DEBUG -- : REQUESTING PAGE: POST /api/users?first_name=John&last_name=Doe&email=johndoe@example.com with {} and HTTP headers {"Accept"=>"application/json", "Content-Type"=>"application/json", "HTTP_AUTHORIZATION"=>"Basic MTI2NjA4ZTMtYzMyYi00ZDIwLWJmOTktYjUyYTM2NGY4NzA3OlZ5YS9oT2x3V2hNQkdxRmNUY1dMOXBOZ3ZQdU0=", "HTTP_REFERER"=>"/api/organizations?name=Pizza Shop"}
D, [2016-08-24T02:03:10.896377 #18588] DEBUG -- : REQUESTING PAGE: POST /api/organizations?name=Pizza Shop with {} and HTTP headers {"Accept"=>"application/json", "Content-Type"=>"application/json"}
D, [2016-08-24T02:07:21.992119 #18665] DEBUG -- : REQUESTING PAGE: POST /api/organizations?name=Pizza Shop with {} and HTTP headers {"Accept"=>"application/json", "Content-Type"=>"application/json"}
D, [2016-08-24T02:07:49.567526 #18678] DEBUG -- : REQUESTING PAGE: POST /api/organizations?name=Pizza Shop with {} and HTTP headers {"Accept"=>"application/json", "Content-Type"=>"application/json"}
D, [2016-08-24T02:07:49.602838 #18678] DEBUG -- : REQUESTING PAGE: POST /api/organizations?name=Pizza Shop with {} and HTTP headers {"Accept"=>"application/json", "Content-Type"=>"application/json"}
D, [2016-08-24T02:07:49.604757 #18678] DEBUG -- : REQUESTING PAGE: POST /api/users?first_name=John&last_name=Doe&email=johndoe@example.com with {} and HTTP headers {"Accept"=>"application/json", "Content-Type"=>"application/json", "HTTP_AUTHORIZATION"=>"Basic YTdmNjg1Y2QtZjIxNS00NTNiLTgyMzMtYWUwMmUzYjAwYmRiOlQ5RW9xOVFQMGNSL2g4QUJCWTIyWElJcFZBV0U=", "HTTP_REFERER"=>"/api/organizations?name=Pizza Shop"}
D, [2016-08-24T02:07:49.610494 #18678] DEBUG -- : REQUESTING PAGE: POST /api/organizations?name=Pizza Shop with {} and HTTP headers {"Accept"=>"application/json", "Content-Type"=>"application/json"}
D, [2016-08-24T02:08:18.443683 #18688] DEBUG -- : REQUESTING PAGE: POST /api/organizations?name=Pizza Shop with {} and HTTP headers {"Accept"=>"application/json", "Content-Type"=>"application/json"}
D, [2016-08-24T02:08:18.483359 #18688] DEBUG -- : REQUESTING PAGE: POST /api/organizations?name=Pizza Shop with {} and HTTP headers {"Accept"=>"application/json", "Content-Type"=>"application/json"}
D, [2016-08-24T02:08:18.485302 #18688] DEBUG -- : REQUESTING PAGE: POST /api/users?first_name=John&last_name=Doe&email=johndoe@example.com with {} and HTTP headers {"Accept"=>"application/json", "Content-Type"=>"application/json", "HTTP_AUTHORIZATION"=>"Basic YzFkOWQyYzMtMGI4OS00YWJmLTlkZmEtNTI4NGNjN2Q3MzA0OjQyM2dtaWllSDhvY21KdCtkcmhwRjV3QVJvZ0U=", "HTTP_REFERER"=>"/api/organizations?name=Pizza Shop"}
D, [2016-08-24T02:08:18.490325 #18688] DEBUG -- : REQUESTING PAGE: POST /api/organizations?name=Pizza Shop with {} and HTTP headers {"Accept"=>"application/json", "Content-Type"=>"application/json"}
D, [2016-08-24T02:08:28.516136 #18694] DEBUG -- : REQUESTING PAGE: POST /api/organizations?name=Pizza Shop with {} and HTTP headers {"Accept"=>"application/json", "Content-Type"=>"application/json"}
D, [2016-08-24T02:08:28.559587 #18694] DEBUG -- : REQUESTING PAGE: POST /api/organizations?name=Pizza Shop with {} and HTTP headers {"Accept"=>"application/json", "Content-Type"=>"application/json"}
D, [2016-08-24T02:08:28.561728 #18694] DEBUG -- : REQUESTING PAGE: POST /api/users?first_name=John&last_name=Doe&email=johndoe@example.com with {} and HTTP headers {"Accept"=>"application/json", "Content-Type"=>"application/json", "HTTP_AUTHORIZATION"=>"Basic NDUwNWVkYzQtOTE5Yi00MzQ2LTg0NTktYTIyYjg2NDdhMzY1OnhMNjZpRm1DN2hUcE5yOUN5QzBMQndCY3I5YzM=", "HTTP_REFERER"=>"/api/organizations?name=Pizza Shop"}
D, [2016-08-24T02:08:28.567589 #18694] DEBUG -- : REQUESTING PAGE: POST /api/organizations?name=Pizza Shop with {} and HTTP headers {"Accept"=>"application/json", "Content-Type"=>"application/json"}
D, [2016-08-24T02:08:28.573275 #18694] DEBUG -- : REQUESTING PAGE: GET /api/users with {} and HTTP headers {"Accept"=>"application/json", "Content-Type"=>"application/json", "HTTP_REFERER"=>"/api/organizations?name=Pizza Shop"}
D, [2016-08-24T02:08:58.107653 #18708] DEBUG -- : REQUESTING PAGE: POST /api/organizations?name=Pizza Shop with {} and HTTP headers {"Accept"=>"application/json", "Content-Type"=>"application/json"}
D, [2016-08-24T02:08:58.144090 #18708] DEBUG -- : REQUESTING PAGE: POST /api/organizations?name=Pizza Shop with {} and HTTP headers {"Accept"=>"application/json", "Content-Type"=>"application/json"}
D, [2016-08-24T02:08:58.146304 #18708] DEBUG -- : REQUESTING PAGE: POST /api/users?first_name=John&last_name=Doe&email=johndoe@example.com with {} and HTTP headers {"Accept"=>"application/json", "Content-Type"=>"application/json", "HTTP_AUTHORIZATION"=>"Basic N2Q1MjNiYTktMGNhNS00YzUwLTgxYzAtMjM0ZTNjYzRjMzg1OkxqVnMvZ083Y0RZcjVLNURyTDhIeUd1VUlZWjA=", "HTTP_REFERER"=>"/api/organizations?name=Pizza Shop"}
D, [2016-08-24T02:08:58.151232 #18708] DEBUG -- : REQUESTING PAGE: POST /api/organizations?name=Pizza Shop with {} and HTTP headers {"Accept"=>"application/json", "Content-Type"=>"application/json"}
D, [2016-08-24T02:08:58.156915 #18708] DEBUG -- : REQUESTING PAGE: GET /api/users with {} and HTTP headers {"Accept"=>"application/json", "Content-Type"=>"application/json", "HTTP_REFERER"=>"/api/organizations?name=Pizza Shop"}
D, [2016-08-24T02:11:56.378741 #18762] DEBUG -- : REQUESTING PAGE: POST /api/organizations?name=Pizza Shop with {} and HTTP headers {"Accept"=>"application/json", "Content-Type"=>"application/json"}
D, [2016-08-24T02:11:56.417128 #18762] DEBUG -- : REQUESTING PAGE: POST /api/organizations?name=Pizza Shop with {} and HTTP headers {"Accept"=>"application/json", "Content-Type"=>"application/json"}
D, [2016-08-24T02:11:56.419058 #18762] DEBUG -- : REQUESTING PAGE: POST /api/users?first_name=John&last_name=Doe&email=johndoe@example.com with {} and HTTP headers {"Accept"=>"application/json", "Content-Type"=>"application/json", "HTTP_AUTHORIZATION"=>"Basic YTk5NTlhMTctMDQ5Ni00OGFiLWJjNjgtZTBmZTE5NDc0N2MwOm5XR28rNDRKdWpHRTVGL0hqcGFMYmpQbEI0TkE=", "HTTP_REFERER"=>"/api/organizations?name=Pizza Shop"}
D, [2016-08-24T02:11:56.423780 #18762] DEBUG -- : REQUESTING PAGE: POST /api/organizations?name=Pizza Shop with {} and HTTP headers {"Accept"=>"application/json", "Content-Type"=>"application/json"}
D, [2016-08-24T02:11:56.428692 #18762] DEBUG -- : REQUESTING PAGE: GET /api/users with {} and HTTP headers {"Accept"=>"application/json", "Content-Type"=>"application/json", "HTTP_REFERER"=>"/api/organizations?name=Pizza Shop"}
D, [2016-08-24T02:12:21.118856 #18773] DEBUG -- : REQUESTING PAGE: POST /api/organizations?name=Pizza Shop with {} and HTTP headers {"Accept"=>"application/json", "Content-Type"=>"application/json"}
D, [2016-08-24T02:12:21.156644 #18773] DEBUG -- : REQUESTING PAGE: POST /api/organizations?name=Pizza Shop with {} and HTTP headers {"Accept"=>"application/json", "Content-Type"=>"application/json"}
D, [2016-08-24T02:12:21.158654 #18773] DEBUG -- : REQUESTING PAGE: POST /api/users?first_name=John&last_name=Doe&email=johndoe@example.com with {} and HTTP headers {"Accept"=>"application/json", "Content-Type"=>"application/json", "HTTP_AUTHORIZATION"=>"Basic MTUzMTUyNWYtYjVlZC00MjI0LTk0ZjctOTM2YmFjZjY4ODE5OjFZTzYwRi9xZTdoWHEyRHdqZURqaThlRHYwbzQ=", "HTTP_REFERER"=>"/api/organizations?name=Pizza Shop"}
D, [2016-08-24T02:12:21.164358 #18773] DEBUG -- : REQUESTING PAGE: POST /api/organizations?name=Pizza Shop with {} and HTTP headers {"Accept"=>"application/json", "Content-Type"=>"application/json"}
D, [2016-08-24T02:12:21.169900 #18773] DEBUG -- : REQUESTING PAGE: GET /api/users with {} and HTTP headers {"Accept"=>"application/json", "Content-Type"=>"application/json", "HTTP_REFERER"=>"/api/organizations?name=Pizza Shop"}
D, [2016-08-24T02:12:59.834342 #18788] DEBUG -- : REQUESTING PAGE: POST /api/organizations?name=Pizza Shop with {} and HTTP headers {"Accept"=>"application/json", "Content-Type"=>"application/json"}
D, [2016-08-24T02:12:59.871026 #18788] DEBUG -- : REQUESTING PAGE: POST /api/organizations?name=Pizza Shop with {} and HTTP headers {"Accept"=>"application/json", "Content-Type"=>"application/json"}
D, [2016-08-24T02:12:59.873143 #18788] DEBUG -- : REQUESTING PAGE: POST /api/users?first_name=John&last_name=Doe&email=johndoe@example.com with {} and HTTP headers {"Accept"=>"application/json", "Content-Type"=>"application/json", "HTTP_AUTHORIZATION"=>"Basic MjNmMzAxZTYtZWE1Zi00YzlhLWE2MDAtM2MyM2JmMmJiNjU4OnJaeVdlUGdzTzhYdG1udEtyeElmUG1pSTNWc1Y=", "HTTP_REFERER"=>"/api/organizations?name=Pizza Shop"}
D, [2016-08-24T02:12:59.878471 #18788] DEBUG -- : REQUESTING PAGE: POST /api/organizations?name=Pizza Shop with {} and HTTP headers {"Accept"=>"application/json", "Content-Type"=>"application/json"}
D, [2016-08-24T02:12:59.884205 #18788] DEBUG -- : REQUESTING PAGE: GET /api/users with {} and HTTP headers {"Accept"=>"application/json", "Content-Type"=>"application/json", "HTTP_REFERER"=>"/api/organizations?name=Pizza Shop"}
D, [2016-08-24T02:15:22.304113 #18835] DEBUG -- : REQUESTING PAGE: POST /api/organizations?name=Pizza Shop with {} and HTTP headers {"Accept"=>"application/json", "Content-Type"=>"application/json"}
D, [2016-08-24T02:15:22.342969 #18835] DEBUG -- : REQUESTING PAGE: POST /api/organizations?name=Pizza Shop with {} and HTTP headers {"Accept"=>"application/json", "Content-Type"=>"application/json"}
D, [2016-08-24T02:15:22.344922 #18835] DEBUG -- : REQUESTING PAGE: POST /api/users?first_name=John&last_name=Doe&email=johndoe@example.com with {} and HTTP headers {"Accept"=>"application/json", "Content-Type"=>"application/json", "HTTP_AUTHORIZATION"=>"Basic NjRjYjI0ZTUtMWRhYy00NGUwLWEzYzgtNzE4YmI3NDA4ZjNlOlZuWFpwR01pYmFXNkQ5d3pDeFZTTEsrQWgwQVA=", "HTTP_REFERER"=>"/api/organizations?name=Pizza Shop"}
D, [2016-08-24T02:15:22.349791 #18835] DEBUG -- : REQUESTING PAGE: POST /api/organizations?name=Pizza Shop with {} and HTTP headers {"Accept"=>"application/json", "Content-Type"=>"application/json"}
D, [2016-08-24T02:15:22.353733 #18835] DEBUG -- : REQUESTING PAGE: POST /api/users?first_name=John 0&last_name=Doe&email=johndoe0@example.com with {} and HTTP headers {"Accept"=>"application/json", "Content-Type"=>"application/json", "HTTP_AUTHORIZATION"=>"Basic OTJlYTRiNjEtODdjYy00ZTJhLWFmZjItZjMzNWM3OTJlYTBmOjEybm1kSUtCVldYN09PNEM0cjJmQzY4dHAyWVI=", "HTTP_REFERER"=>"/api/organizations?name=Pizza Shop"}
D, [2016-08-24T02:15:22.355239 #18835] DEBUG -- : REQUESTING PAGE: POST /api/users?first_name=John 1&last_name=Doe&email=johndoe1@example.com with {} and HTTP headers {"Accept"=>"application/json", "Content-Type"=>"application/json", "HTTP_AUTHORIZATION"=>"Basic OTJlYTRiNjEtODdjYy00ZTJhLWFmZjItZjMzNWM3OTJlYTBmOjEybm1kSUtCVldYN09PNEM0cjJmQzY4dHAyWVI=", "HTTP_REFERER"=>"/api/users?first_name=John 0&last_name=Doe&email=johndoe0@example.com"}
D, [2016-08-24T02:15:22.356827 #18835] DEBUG -- : REQUESTING PAGE: GET /api/users with {} and HTTP headers {"Accept"=>"application/json", "Content-Type"=>"application/json", "HTTP_AUTHORIZATION"=>"Basic OTJlYTRiNjEtODdjYy00ZTJhLWFmZjItZjMzNWM3OTJlYTBmOjEybm1kSUtCVldYN09PNEM0cjJmQzY4dHAyWVI=", "HTTP_REFERER"=>"/api/users?first_name=John 1&last_name=Doe&email=johndoe1@example.com"}
D, [2016-08-24T02:16:00.446037 #18851] DEBUG -- : REQUESTING PAGE: POST /api/organizations?name=Pizza Shop with {} and HTTP headers {"Accept"=>"application/json", "Content-Type"=>"application/json"}
D, [2016-08-24T02:16:00.482127 #18851] DEBUG -- : REQUESTING PAGE: POST /api/organizations?name=Pizza Shop with {} and HTTP headers {"Accept"=>"application/json", "Content-Type"=>"application/json"}
D, [2016-08-24T02:16:00.484159 #18851] DEBUG -- : REQUESTING PAGE: POST /api/users?first_name=John&last_name=Doe&email=johndoe@example.com with {} and HTTP headers {"Accept"=>"application/json", "Content-Type"=>"application/json", "HTTP_AUTHORIZATION"=>"Basic NGYwMzE1MzUtMDNmMC00ZTE3LWEwZDUtMTlmM2Q2MDA4OGIwOnFLbTN0Z1EvMmVYeFZJM1VBOGFvZlg3cks2Q3g=", "HTTP_REFERER"=>"/api/organizations?name=Pizza Shop"}
D, [2016-08-24T02:16:00.489027 #18851] DEBUG -- : REQUESTING PAGE: POST /api/organizations?name=Pizza Shop with {} and HTTP headers {"Accept"=>"application/json", "Content-Type"=>"application/json"}
D, [2016-08-24T02:16:00.493045 #18851] DEBUG -- : REQUESTING PAGE: POST /api/users?first_name=John 0&last_name=Doe&email=johndoe0@example.com with {} and HTTP headers {"Accept"=>"application/json", "Content-Type"=>"application/json", "HTTP_AUTHORIZATION"=>"Basic ODYyMWI4OGYtZTQ4My00Yjc1LWI2NWItNGJlNGU0YmFkMTY4OktpeVNWbndrWUpmSUFSekdzaUhBa1RNNjV5aTc=", "HTTP_REFERER"=>"/api/organizations?name=Pizza Shop"}
D, [2016-08-24T02:16:00.494520 #18851] DEBUG -- : REQUESTING PAGE: POST /api/users?first_name=John 1&last_name=Doe&email=johndoe1@example.com with {} and HTTP headers {"Accept"=>"application/json", "Content-Type"=>"application/json", "HTTP_AUTHORIZATION"=>"Basic ODYyMWI4OGYtZTQ4My00Yjc1LWI2NWItNGJlNGU0YmFkMTY4OktpeVNWbndrWUpmSUFSekdzaUhBa1RNNjV5aTc=", "HTTP_REFERER"=>"/api/users?first_name=John 0&last_name=Doe&email=johndoe0@example.com"}
D, [2016-08-24T02:16:00.496214 #18851] DEBUG -- : REQUESTING PAGE: GET /api/users with {} and HTTP headers {"Accept"=>"application/json", "Content-Type"=>"application/json", "HTTP_AUTHORIZATION"=>"Basic ODYyMWI4OGYtZTQ4My00Yjc1LWI2NWItNGJlNGU0YmFkMTY4OktpeVNWbndrWUpmSUFSekdzaUhBa1RNNjV5aTc=", "HTTP_REFERER"=>"/api/users?first_name=John 1&last_name=Doe&email=johndoe1@example.com"}
D, [2016-08-24T02:16:18.369943 #18857] DEBUG -- : REQUESTING PAGE: POST /api/organizations?name=Pizza Shop with {} and HTTP headers {"Accept"=>"application/json", "Content-Type"=>"application/json"}
D, [2016-08-24T02:16:18.406367 #18857] DEBUG -- : REQUESTING PAGE: POST /api/organizations?name=Pizza Shop with {} and HTTP headers {"Accept"=>"application/json", "Content-Type"=>"application/json"}
D, [2016-08-24T02:16:18.408340 #18857] DEBUG -- : REQUESTING PAGE: POST /api/users?first_name=John&last_name=Doe&email=johndoe@example.com with {} and HTTP headers {"Accept"=>"application/json", "Content-Type"=>"application/json", "HTTP_AUTHORIZATION"=>"Basic OTcxNWI1YWMtM2ZhOC00YTIxLWI0N2YtZTM1ZjRmOGI4YTk2OndDV3I5bWFrR0FUTDVmSlQ0V3RJWnp4ZUNWOEQ=", "HTTP_REFERER"=>"/api/organizations?name=Pizza Shop"}
D, [2016-08-24T02:16:18.413094 #18857] DEBUG -- : REQUESTING PAGE: POST /api/organizations?name=Pizza Shop with {} and HTTP headers {"Accept"=>"application/json", "Content-Type"=>"application/json"}
D, [2016-08-24T02:16:18.417033 #18857] DEBUG -- : REQUESTING PAGE: POST /api/users?first_name=John 0&last_name=Doe&email=johndoe0@example.com with {} and HTTP headers {"Accept"=>"application/json", "Content-Type"=>"application/json", "HTTP_AUTHORIZATION"=>"Basic NTU0YzFmZGMtNmMyMi00NGI2LTkzNTEtODIzZWQ3OTRiNjE5OjhCVHpsL0JsUFBXS1VoYTJ5ZitZeGp0N2dlVTg=", "HTTP_REFERER"=>"/api/organizations?name=Pizza Shop"}
D, [2016-08-24T02:16:18.418764 #18857] DEBUG -- : REQUESTING PAGE: POST /api/users?first_name=John 1&last_name=Doe&email=johndoe1@example.com with {} and HTTP headers {"Accept"=>"application/json", "Content-Type"=>"application/json", "HTTP_AUTHORIZATION"=>"Basic NTU0YzFmZGMtNmMyMi00NGI2LTkzNTEtODIzZWQ3OTRiNjE5OjhCVHpsL0JsUFBXS1VoYTJ5ZitZeGp0N2dlVTg=", "HTTP_REFERER"=>"/api/users?first_name=John 0&last_name=Doe&email=johndoe0@example.com"}
D, [2016-08-24T02:16:18.420589 #18857] DEBUG -- : REQUESTING PAGE: GET /api/users with {} and HTTP headers {"Accept"=>"application/json", "Content-Type"=>"application/json", "HTTP_AUTHORIZATION"=>"Basic NTU0YzFmZGMtNmMyMi00NGI2LTkzNTEtODIzZWQ3OTRiNjE5OjhCVHpsL0JsUFBXS1VoYTJ5ZitZeGp0N2dlVTg=", "HTTP_REFERER"=>"/api/users?first_name=John 1&last_name=Doe&email=johndoe1@example.com"}
D, [2016-08-24T02:18:16.147744 #18902] DEBUG -- : REQUESTING PAGE: POST /api/organizations?name=Pizza Shop with {} and HTTP headers {"Accept"=>"application/json", "Content-Type"=>"application/json"}
D, [2016-08-24T02:18:16.183813 #18902] DEBUG -- : REQUESTING PAGE: POST /api/organizations?name=Pizza Shop with {} and HTTP headers {"Accept"=>"application/json", "Content-Type"=>"application/json"}
D, [2016-08-24T02:18:16.185897 #18902] DEBUG -- : REQUESTING PAGE: POST /api/users?first_name=John&last_name=Doe&email=johndoe@example.com with {} and HTTP headers {"Accept"=>"application/json", "Content-Type"=>"application/json", "HTTP_AUTHORIZATION"=>"Basic MDk1ZmY4OGMtZDI1OS00NGQ5LWIzNDMtMmM4YjU5MzFjMjc1Oi9JU2JZa3c5R1dCeXN0MWIvak5yVTdvTTZHZkQ=", "HTTP_REFERER"=>"/api/organizations?name=Pizza Shop"}
D, [2016-08-24T02:18:16.191563 #18902] DEBUG -- : REQUESTING PAGE: POST /api/organizations?name=Pizza Shop with {} and HTTP headers {"Accept"=>"application/json", "Content-Type"=>"application/json"}
D, [2016-08-24T02:18:16.195300 #18902] DEBUG -- : REQUESTING PAGE: POST /api/users?first_name=John 0&last_name=Doe&email=johndoe0@example.com with {} and HTTP headers {"Accept"=>"application/json", "Content-Type"=>"application/json", "HTTP_AUTHORIZATION"=>"Basic N2JlYmE0NzUtZTk2Ni00ZTdmLTljMzctMzU5NWM1MmE5NGM1OnI5YmdiSXVUVE5hc0c0VGQ0czFNWFEvQ0dVYks=", "HTTP_REFERER"=>"/api/organizations?name=Pizza Shop"}
D, [2016-08-24T02:18:16.197446 #18902] DEBUG -- : REQUESTING PAGE: POST /api/users?first_name=John 1&last_name=Doe&email=johndoe1@example.com with {} and HTTP headers {"Accept"=>"application/json", "Content-Type"=>"application/json", "HTTP_AUTHORIZATION"=>"Basic N2JlYmE0NzUtZTk2Ni00ZTdmLTljMzctMzU5NWM1MmE5NGM1OnI5YmdiSXVUVE5hc0c0VGQ0czFNWFEvQ0dVYks=", "HTTP_REFERER"=>"/api/users?first_name=John 0&last_name=Doe&email=johndoe0@example.com"}
D, [2016-08-24T02:18:16.198929 #18902] DEBUG -- : REQUESTING PAGE: GET /api/users with {} and HTTP headers {"Accept"=>"application/json", "Content-Type"=>"application/json", "HTTP_AUTHORIZATION"=>"Basic N2JlYmE0NzUtZTk2Ni00ZTdmLTljMzctMzU5NWM1MmE5NGM1OnI5YmdiSXVUVE5hc0c0VGQ0czFNWFEvQ0dVYks=", "HTTP_REFERER"=>"/api/users?first_name=John 1&last_name=Doe&email=johndoe1@example.com"}
D, [2016-08-24T02:22:50.416619 #18988] DEBUG -- : REQUESTING PAGE: POST /api/organizations?name=Pizza Shop with {} and HTTP headers {"Accept"=>"application/json", "Content-Type"=>"application/json"}
D, [2016-08-24T02:22:50.452741 #18988] DEBUG -- : REQUESTING PAGE: POST /api/organizations?name=Pizza Shop with {} and HTTP headers {"Accept"=>"application/json", "Content-Type"=>"application/json"}
D, [2016-08-24T02:22:50.454668 #18988] DEBUG -- : REQUESTING PAGE: POST /api/users?first_name=John&last_name=Doe&email=johndoe@example.com with {} and HTTP headers {"Accept"=>"application/json", "Content-Type"=>"application/json", "HTTP_AUTHORIZATION"=>"Basic NjVhMGQ1NzEtOWVmMy00MDU1LTg1NDUtN2MzMWViMTdjZGE3OkJNU3JuZlNBWGNhc0dXMmZUQmRuWjFYaHRadXg=", "HTTP_REFERER"=>"/api/organizations?name=Pizza Shop"}
D, [2016-08-24T02:22:50.461312 #18988] DEBUG -- : REQUESTING PAGE: POST /api/organizations?name=Pizza Shop with {} and HTTP headers {"Accept"=>"application/json", "Content-Type"=>"application/json"}
D, [2016-08-24T02:22:50.463380 #18988] DEBUG -- : REQUESTING PAGE: POST /api/users?first_name=John&last_name=Doe&email=johndoe@example.com with {} and HTTP headers {"Accept"=>"application/json", "Content-Type"=>"application/json", "HTTP_AUTHORIZATION"=>"Basic MzQ0ZGEyMGItNDFjMy00ZmMyLTlmMDYtNmFiZGQ0NWE1ZjE1OnZOYmJKR0tQbUtOTlRFTmVEWTlVdk12YXg2MFU=", "HTTP_REFERER"=>"/api/organizations?name=Pizza Shop"}
D, [2016-08-24T02:22:50.466443 #18988] DEBUG -- : REQUESTING PAGE: POST /api/organizations?name=Pizza Shop with {} and HTTP headers {"Accept"=>"application/json", "Content-Type"=>"application/json"}
D, [2016-08-24T02:22:50.468480 #18988] DEBUG -- : REQUESTING PAGE: POST /api/users?first_name=John&last_name=Doe&email=johndoe@example.com with {} and HTTP headers {"Accept"=>"application/json", "Content-Type"=>"application/json", "HTTP_AUTHORIZATION"=>"Basic MDkwNWE4MDYtNDg4Ny00ZGVjLTljNjUtZDY3NmY3Y2E0NjhmOjd5VVl1YVpYNHZmRnlOelRnbjJ3L21IQjhwVEo=", "HTTP_REFERER"=>"/api/organizations?name=Pizza Shop"}
D, [2016-08-24T02:22:50.472565 #18988] DEBUG -- : REQUESTING PAGE: POST /api/organizations?name=Pizza Shop with {} and HTTP headers {"Accept"=>"application/json", "Content-Type"=>"application/json"}
D, [2016-08-24T02:22:50.477150 #18988] DEBUG -- : REQUESTING PAGE: POST /api/users?first_name=John 0&last_name=Doe&email=johndoe0@example.com with {} and HTTP headers {"Accept"=>"application/json", "Content-Type"=>"application/json", "HTTP_AUTHORIZATION"=>"Basic ZWU5ODE3OWYtYzA2ZC00ZGQyLTkwMTctNDNiYjdiYzM5MDIxOlVRQnFLN21xd0hpanJnSlhxR0x1UXAyMGI0NE4=", "HTTP_REFERER"=>"/api/organizations?name=Pizza Shop"}
D, [2016-08-24T02:22:50.478832 #18988] DEBUG -- : REQUESTING PAGE: POST /api/users?first_name=John 1&last_name=Doe&email=johndoe1@example.com with {} and HTTP headers {"Accept"=>"application/json", "Content-Type"=>"application/json", "HTTP_AUTHORIZATION"=>"Basic ZWU5ODE3OWYtYzA2ZC00ZGQyLTkwMTctNDNiYjdiYzM5MDIxOlVRQnFLN21xd0hpanJnSlhxR0x1UXAyMGI0NE4=", "HTTP_REFERER"=>"/api/users?first_name=John 0&last_name=Doe&email=johndoe0@example.com"}
D, [2016-08-24T02:22:50.480449 #18988] DEBUG -- : REQUESTING PAGE: GET /api/users with {} and HTTP headers {"Accept"=>"application/json", "Content-Type"=>"application/json", "HTTP_AUTHORIZATION"=>"Basic ZWU5ODE3OWYtYzA2ZC00ZGQyLTkwMTctNDNiYjdiYzM5MDIxOlVRQnFLN21xd0hpanJnSlhxR0x1UXAyMGI0NE4=", "HTTP_REFERER"=>"/api/users?first_name=John 1&last_name=Doe&email=johndoe1@example.com"}
D, [2016-08-24T02:24:49.066522 #19028] DEBUG -- : REQUESTING PAGE: POST /api/organizations?name=Pizza Shop with {} and HTTP headers {"Accept"=>"application/json", "Content-Type"=>"application/json"}
D, [2016-08-24T02:24:49.103368 #19028] DEBUG -- : REQUESTING PAGE: POST /api/organizations?name=Pizza Shop with {} and HTTP headers {"Accept"=>"application/json", "Content-Type"=>"application/json"}
D, [2016-08-24T02:24:49.105158 #19028] DEBUG -- : REQUESTING PAGE: POST /api/users?first_name=John&last_name=Doe&email=johndoe@example.com with {} and HTTP headers {"Accept"=>"application/json", "Content-Type"=>"application/json", "HTTP_AUTHORIZATION"=>"Basic NDU5MDRlMTMtODFlMS00NmMzLTlkOGUtNzkzN2JiYzU1OTBjOnhNcE5Qa3A5R1RWQ04raDZtSW40eU5NdSs0U2I=", "HTTP_REFERER"=>"/api/organizations?name=Pizza Shop"}
D, [2016-08-24T02:24:49.109736 #19028] DEBUG -- : REQUESTING PAGE: POST /api/users/9793f75c-9ab2-4cf6-b3fb-246440f631fa/products?name=Pizza&category=food with {} and HTTP headers {"Accept"=>"application/json", "Content-Type"=>"application/json", "HTTP_AUTHORIZATION"=>"Basic NDU5MDRlMTMtODFlMS00NmMzLTlkOGUtNzkzN2JiYzU1OTBjOnhNcE5Qa3A5R1RWQ04raDZtSW40eU5NdSs0U2I=", "HTTP_REFERER"=>"/api/users?first_name=John&last_name=Doe&email=johndoe@example.com"}
D, [2016-08-24T02:24:49.115655 #19028] DEBUG -- : REQUESTING PAGE: POST /api/organizations?name=Pizza Shop with {} and HTTP headers {"Accept"=>"application/json", "Content-Type"=>"application/json"}
D, [2016-08-24T02:24:49.117756 #19028] DEBUG -- : REQUESTING PAGE: POST /api/users?first_name=John&last_name=Doe&email=johndoe@example.com with {} and HTTP headers {"Accept"=>"application/json", "Content-Type"=>"application/json", "HTTP_AUTHORIZATION"=>"Basic MTU2MDBlZTgtMzk0Yi00NmI2LTgzNTItMmM1NGEzMDg2ZGY2OmUzTURlR3RCYm45MXA5MU1NQWpsY1ViR0JTZ2w=", "HTTP_REFERER"=>"/api/organizations?name=Pizza Shop"}
D, [2016-08-24T02:24:49.121300 #19028] DEBUG -- : REQUESTING PAGE: POST /api/organizations?name=Pizza Shop with {} and HTTP headers {"Accept"=>"application/json", "Content-Type"=>"application/json"}
D, [2016-08-24T02:24:49.122842 #19028] DEBUG -- : REQUESTING PAGE: POST /api/users?first_name=John&last_name=Doe&email=johndoe@example.com with {} and HTTP headers {"Accept"=>"application/json", "Content-Type"=>"application/json", "HTTP_AUTHORIZATION"=>"Basic YzIwMmVjNDgtMzMwMy00YjkwLWJiM2MtZmFjNjBlOWVkMmMzOkQyVUpJaE8yUWY0YmpzemR6VXNDSGhoblA1ZGo=", "HTTP_REFERER"=>"/api/organizations?name=Pizza Shop"}
D, [2016-08-24T02:24:49.127077 #19028] DEBUG -- : REQUESTING PAGE: POST /api/organizations?name=Pizza Shop with {} and HTTP headers {"Accept"=>"application/json", "Content-Type"=>"application/json"}
D, [2016-08-24T02:24:49.128913 #19028] DEBUG -- : REQUESTING PAGE: POST /api/users?first_name=John 0&last_name=Doe&email=johndoe0@example.com with {} and HTTP headers {"Accept"=>"application/json", "Content-Type"=>"application/json", "HTTP_AUTHORIZATION"=>"Basic NGM3NzViMWQtYjgzMy00MDIwLWJkOTYtODdkMWVhNTcyODcxOjBhbDZTb0k1ZW96R1RzS3U2dHE1bWpzTHh4bkk=", "HTTP_REFERER"=>"/api/organizations?name=Pizza Shop"}
D, [2016-08-24T02:24:49.130099 #19028] DEBUG -- : REQUESTING PAGE: POST /api/users?first_name=John 1&last_name=Doe&email=johndoe1@example.com with {} and HTTP headers {"Accept"=>"application/json", "Content-Type"=>"application/json", "HTTP_AUTHORIZATION"=>"Basic NGM3NzViMWQtYjgzMy00MDIwLWJkOTYtODdkMWVhNTcyODcxOjBhbDZTb0k1ZW96R1RzS3U2dHE1bWpzTHh4bkk=", "HTTP_REFERER"=>"/api/users?first_name=John 0&last_name=Doe&email=johndoe0@example.com"}
D, [2016-08-24T02:24:49.131480 #19028] DEBUG -- : REQUESTING PAGE: GET /api/users with {} and HTTP headers {"Accept"=>"application/json", "Content-Type"=>"application/json", "HTTP_AUTHORIZATION"=>"Basic NGM3NzViMWQtYjgzMy00MDIwLWJkOTYtODdkMWVhNTcyODcxOjBhbDZTb0k1ZW96R1RzS3U2dHE1bWpzTHh4bkk=", "HTTP_REFERER"=>"/api/users?first_name=John 1&last_name=Doe&email=johndoe1@example.com"}
D, [2016-08-24T02:29:03.865681 #19108] DEBUG -- : REQUESTING PAGE: POST /api/organizations?name=Pizza Shop with {} and HTTP headers {"Accept"=>"application/json", "Content-Type"=>"application/json"}
D, [2016-08-24T02:29:03.907331 #19108] DEBUG -- : REQUESTING PAGE: POST /api/organizations?name=Pizza Shop with {} and HTTP headers {"Accept"=>"application/json", "Content-Type"=>"application/json"}
D, [2016-08-24T02:29:03.909602 #19108] DEBUG -- : REQUESTING PAGE: POST /api/users?first_name=John&last_name=Doe&email=johndoe@example.com with {} and HTTP headers {"Accept"=>"application/json", "Content-Type"=>"application/json", "HTTP_AUTHORIZATION"=>"Basic ZmZhYzNhZmItNzRiOC00YmFjLWFiYzMtN2E5ZmNiZmMxNTRmOkNlWTVveUh6NHdrR2VyNVFIa2M3T1hQVStVNWM=", "HTTP_REFERER"=>"/api/organizations?name=Pizza Shop"}
D, [2016-08-24T02:29:03.914544 #19108] DEBUG -- : REQUESTING PAGE: POST /api/users/48ee315a-ca69-4065-8ce2-79c5b7006992/products?name=Pizza&category=food with {} and HTTP headers {"Accept"=>"application/json", "Content-Type"=>"application/json", "HTTP_AUTHORIZATION"=>"Basic ZmZhYzNhZmItNzRiOC00YmFjLWFiYzMtN2E5ZmNiZmMxNTRmOkNlWTVveUh6NHdrR2VyNVFIa2M3T1hQVStVNWM=", "HTTP_REFERER"=>"/api/users?first_name=John&last_name=Doe&email=johndoe@example.com"}
D, [2016-08-24T02:29:03.920449 #19108] DEBUG -- : REQUESTING PAGE: POST /api/organizations?name=Pizza Shop with {} and HTTP headers {"Accept"=>"application/json", "Content-Type"=>"application/json"}
D, [2016-08-24T02:29:03.923194 #19108] DEBUG -- : REQUESTING PAGE: POST /api/users?first_name=John&last_name=Doe&email=johndoe@example.com with {} and HTTP headers {"Accept"=>"application/json", "Content-Type"=>"application/json", "HTTP_AUTHORIZATION"=>"Basic NzM5YjU1YzQtMmEzYi00MTFjLThmYWUtOTkyYWE3ZjQ5ZDZiOnkycGt1Y2xxQU83RDBCaWZybmRXVWYvbEgwQmg=", "HTTP_REFERER"=>"/api/organizations?name=Pizza Shop"}
D, [2016-08-24T02:29:03.928923 #19108] DEBUG -- : REQUESTING PAGE: POST /api/organizations?name=Pizza Shop with {} and HTTP headers {"Accept"=>"application/json", "Content-Type"=>"application/json"}
D, [2016-08-24T02:29:03.930727 #19108] DEBUG -- : REQUESTING PAGE: POST /api/users?first_name=John&last_name=Doe&email=johndoe@example.com with {} and HTTP headers {"Accept"=>"application/json", "Content-Type"=>"application/json", "HTTP_AUTHORIZATION"=>"Basic YzEyM2FjODctMjdhZi00N2UyLThmNTktZGM1MWUyNWJmYmQxOjJqZ09iR1kvRmtnT01QYzJsNFJBTWxiREl3ZWM=", "HTTP_REFERER"=>"/api/organizations?name=Pizza Shop"}
D, [2016-08-24T02:29:03.935751 #19108] DEBUG -- : REQUESTING PAGE: POST /api/organizations?name=Pizza Shop with {} and HTTP headers {"Accept"=>"application/json", "Content-Type"=>"application/json"}
D, [2016-08-24T02:29:03.937557 #19108] DEBUG -- : REQUESTING PAGE: POST /api/users?first_name=John 0&last_name=Doe&email=johndoe0@example.com with {} and HTTP headers {"Accept"=>"application/json", "Content-Type"=>"application/json", "HTTP_AUTHORIZATION"=>"Basic NGY1NmU3ZTYtOGE2OC00NzgxLWFjYTAtNjQ0MDg4OTU3YmU0OjhsVUNjL0RiZWdGZEFqWnpiYk1IdUZyN21lNG4=", "HTTP_REFERER"=>"/api/organizations?name=Pizza Shop"}
D, [2016-08-24T02:29:03.938923 #19108] DEBUG -- : REQUESTING PAGE: POST /api/users?first_name=John 1&last_name=Doe&email=johndoe1@example.com with {} and HTTP headers {"Accept"=>"application/json", "Content-Type"=>"application/json", "HTTP_AUTHORIZATION"=>"Basic NGY1NmU3ZTYtOGE2OC00NzgxLWFjYTAtNjQ0MDg4OTU3YmU0OjhsVUNjL0RiZWdGZEFqWnpiYk1IdUZyN21lNG4=", "HTTP_REFERER"=>"/api/users?first_name=John 0&last_name=Doe&email=johndoe0@example.com"}
D, [2016-08-24T02:29:03.940412 #19108] DEBUG -- : REQUESTING PAGE: GET /api/users with {} and HTTP headers {"Accept"=>"application/json", "Content-Type"=>"application/json", "HTTP_AUTHORIZATION"=>"Basic NGY1NmU3ZTYtOGE2OC00NzgxLWFjYTAtNjQ0MDg4OTU3YmU0OjhsVUNjL0RiZWdGZEFqWnpiYk1IdUZyN21lNG4=", "HTTP_REFERER"=>"/api/users?first_name=John 1&last_name=Doe&email=johndoe1@example.com"}
D, [2016-08-24T02:29:15.824034 #19114] DEBUG -- : REQUESTING PAGE: POST /api/organizations?name=Pizza Shop with {} and HTTP headers {"Accept"=>"application/json", "Content-Type"=>"application/json"}
D, [2016-08-24T02:29:15.864806 #19114] DEBUG -- : REQUESTING PAGE: POST /api/organizations?name=Pizza Shop with {} and HTTP headers {"Accept"=>"application/json", "Content-Type"=>"application/json"}
D, [2016-08-24T02:29:15.866685 #19114] DEBUG -- : REQUESTING PAGE: POST /api/users?first_name=John&last_name=Doe&email=johndoe@example.com with {} and HTTP headers {"Accept"=>"application/json", "Content-Type"=>"application/json", "HTTP_AUTHORIZATION"=>"Basic NzAyNmUwM2ItMTE1ZC00MDZjLTg4ZWMtYzZhOWY2YTdlODg2OndHMVlMWUhlUEVzcnlDNHU0elFST0RvN1UzQW8=", "HTTP_REFERER"=>"/api/organizations?name=Pizza Shop"}
D, [2016-08-24T02:29:15.871955 #19114] DEBUG -- : REQUESTING PAGE: POST /api/users/1a04686a-0d08-4d5f-88ba-a18150ee47dd/products?name=Pizza&category=food with {} and HTTP headers {"Accept"=>"application/json", "Content-Type"=>"application/json", "HTTP_AUTHORIZATION"=>"Basic NzAyNmUwM2ItMTE1ZC00MDZjLTg4ZWMtYzZhOWY2YTdlODg2OndHMVlMWUhlUEVzcnlDNHU0elFST0RvN1UzQW8=", "HTTP_REFERER"=>"/api/users?first_name=John&last_name=Doe&email=johndoe@example.com"}
D, [2016-08-24T02:29:15.877805 #19114] DEBUG -- : REQUESTING PAGE: POST /api/organizations?name=Pizza Shop with {} and HTTP headers {"Accept"=>"application/json", "Content-Type"=>"application/json"}
D, [2016-08-24T02:29:15.879903 #19114] DEBUG -- : REQUESTING PAGE: POST /api/users?first_name=John&last_name=Doe&email=johndoe@example.com with {} and HTTP headers {"Accept"=>"application/json", "Content-Type"=>"application/json", "HTTP_AUTHORIZATION"=>"Basic Yjk1NTI5NDctZDFmMS00NDk2LWI5MWItNDBkNzFlOWZmMGUzOjY0b29aK2ZGZktoYU90UXV1ZDBWOTA0MURtMXI=", "HTTP_REFERER"=>"/api/organizations?name=Pizza Shop"}
D, [2016-08-24T02:29:15.881819 #19114] DEBUG -- : REQUESTING PAGE: POST /api/users/producs?first_name=John 0&last_name=Doe&email=johndoe0@example.com with {} and HTTP headers {"Accept"=>"application/json", "Content-Type"=>"application/json", "HTTP_AUTHORIZATION"=>"Basic Yjk1NTI5NDctZDFmMS00NDk2LWI5MWItNDBkNzFlOWZmMGUzOjY0b29aK2ZGZktoYU90UXV1ZDBWOTA0MURtMXI=", "HTTP_REFERER"=>"/api/users?first_name=John&last_name=Doe&email=johndoe@example.com"}
D, [2016-08-24T02:29:15.882255 #19114] DEBUG -- : REQUESTING PAGE: POST /api/users/producs?first_name=John 1&last_name=Doe&email=johndoe1@example.com with {} and HTTP headers {"Accept"=>"application/json", "Content-Type"=>"application/json", "HTTP_AUTHORIZATION"=>"Basic Yjk1NTI5NDctZDFmMS00NDk2LWI5MWItNDBkNzFlOWZmMGUzOjY0b29aK2ZGZktoYU90UXV1ZDBWOTA0MURtMXI=", "HTTP_REFERER"=>"/api/users/producs?first_name=John 0&last_name=Doe&email=johndoe0@example.com"}
D, [2016-08-24T02:29:15.882761 #19114] DEBUG -- : REQUESTING PAGE: GET /api/users/899dea90-19cf-46c5-9a0e-320470c14e57/products with {} and HTTP headers {"Accept"=>"application/json", "Content-Type"=>"application/json", "HTTP_AUTHORIZATION"=>"Basic Yjk1NTI5NDctZDFmMS00NDk2LWI5MWItNDBkNzFlOWZmMGUzOjY0b29aK2ZGZktoYU90UXV1ZDBWOTA0MURtMXI=", "HTTP_REFERER"=>"/api/users/producs?first_name=John 1&last_name=Doe&email=johndoe1@example.com"}
D, [2016-08-24T02:29:15.895247 #19114] DEBUG -- : REQUESTING PAGE: POST /api/organizations?name=Pizza Shop with {} and HTTP headers {"Accept"=>"application/json", "Content-Type"=>"application/json"}
D, [2016-08-24T02:29:15.897682 #19114] DEBUG -- : REQUESTING PAGE: POST /api/users?first_name=John&last_name=Doe&email=johndoe@example.com with {} and HTTP headers {"Accept"=>"application/json", "Content-Type"=>"application/json", "HTTP_AUTHORIZATION"=>"Basic ZmMzMjNhYzktNzdiNy00OTE2LTgwYjMtNDIxNmRmOTE0OTgzOjRIclhwZGZuZTFIV2hYTFNtUS9scW1ITTFBNFo=", "HTTP_REFERER"=>"/api/organizations?name=Pizza Shop"}
D, [2016-08-24T02:29:15.901590 #19114] DEBUG -- : REQUESTING PAGE: POST /api/organizations?name=Pizza Shop with {} and HTTP headers {"Accept"=>"application/json", "Content-Type"=>"application/json"}
D, [2016-08-24T02:29:15.903205 #19114] DEBUG -- : REQUESTING PAGE: POST /api/users?first_name=John 0&last_name=Doe&email=johndoe0@example.com with {} and HTTP headers {"Accept"=>"application/json", "Content-Type"=>"application/json", "HTTP_AUTHORIZATION"=>"Basic NmYxMGM5OGYtOTNhNC00OWYxLTk4ZDgtZDQ2ZTUzYTlhM2M3OnVLV1QrL0V1Mm93V0Zxb0lrVmtSN1FYNXJyVmo=", "HTTP_REFERER"=>"/api/organizations?name=Pizza Shop"}
D, [2016-08-24T02:29:15.904348 #19114] DEBUG -- : REQUESTING PAGE: POST /api/users?first_name=John 1&last_name=Doe&email=johndoe1@example.com with {} and HTTP headers {"Accept"=>"application/json", "Content-Type"=>"application/json", "HTTP_AUTHORIZATION"=>"Basic NmYxMGM5OGYtOTNhNC00OWYxLTk4ZDgtZDQ2ZTUzYTlhM2M3OnVLV1QrL0V1Mm93V0Zxb0lrVmtSN1FYNXJyVmo=", "HTTP_REFERER"=>"/api/users?first_name=John 0&last_name=Doe&email=johndoe0@example.com"}
D, [2016-08-24T02:29:15.906924 #19114] DEBUG -- : REQUESTING PAGE: GET /api/users with {} and HTTP headers {"Accept"=>"application/json", "Content-Type"=>"application/json", "HTTP_AUTHORIZATION"=>"Basic NmYxMGM5OGYtOTNhNC00OWYxLTk4ZDgtZDQ2ZTUzYTlhM2M3OnVLV1QrL0V1Mm93V0Zxb0lrVmtSN1FYNXJyVmo=", "HTTP_REFERER"=>"/api/users?first_name=John 1&last_name=Doe&email=johndoe1@example.com"}
D, [2016-08-24T02:29:34.677921 #19122] DEBUG -- : REQUESTING PAGE: POST /api/organizations?name=Pizza Shop with {} and HTTP headers {"Accept"=>"application/json", "Content-Type"=>"application/json"}
D, [2016-08-24T02:29:34.721142 #19122] DEBUG -- : REQUESTING PAGE: POST /api/organizations?name=Pizza Shop with {} and HTTP headers {"Accept"=>"application/json", "Content-Type"=>"application/json"}
D, [2016-08-24T02:29:34.723045 #19122] DEBUG -- : REQUESTING PAGE: POST /api/users?first_name=John&last_name=Doe&email=johndoe@example.com with {} and HTTP headers {"Accept"=>"application/json", "Content-Type"=>"application/json", "HTTP_AUTHORIZATION"=>"Basic MWM0NDA4NzAtNjZiMi00MjZkLWJkZGUtNDc2MjNkNmQ3OWQ2OjBRMUJVc2RaQnVhNFVUTklvUnVHeTRscVlwYks=", "HTTP_REFERER"=>"/api/organizations?name=Pizza Shop"}
D, [2016-08-24T02:29:34.727533 #19122] DEBUG -- : REQUESTING PAGE: POST /api/users/b53d7bc4-04e8-4453-a07a-90b7181379aa/products?name=Pizza&category=food with {} and HTTP headers {"Accept"=>"application/json", "Content-Type"=>"application/json", "HTTP_AUTHORIZATION"=>"Basic MWM0NDA4NzAtNjZiMi00MjZkLWJkZGUtNDc2MjNkNmQ3OWQ2OjBRMUJVc2RaQnVhNFVUTklvUnVHeTRscVlwYks=", "HTTP_REFERER"=>"/api/users?first_name=John&last_name=Doe&email=johndoe@example.com"}
D, [2016-08-24T02:29:34.733214 #19122] DEBUG -- : REQUESTING PAGE: POST /api/organizations?name=Pizza Shop with {} and HTTP headers {"Accept"=>"application/json", "Content-Type"=>"application/json"}
D, [2016-08-24T02:29:34.735221 #19122] DEBUG -- : REQUESTING PAGE: POST /api/users?first_name=John&last_name=Doe&email=johndoe@example.com with {} and HTTP headers {"Accept"=>"application/json", "Content-Type"=>"application/json", "HTTP_AUTHORIZATION"=>"Basic OTY5ODFlMjItMmM0Zi00ZWQ2LThkMjQtYzZhY2QwZTQxM2MyOmRmV2VWWXFxVUpRSmJtbW1sc3JRNXp4bkx6Ulc=", "HTTP_REFERER"=>"/api/organizations?name=Pizza Shop"}
D, [2016-08-24T02:29:34.737103 #19122] DEBUG -- : REQUESTING PAGE: POST /api/users/producs?first_name=John 0&last_name=Doe&email=johndoe0@example.com with {} and HTTP headers {"Accept"=>"application/json", "Content-Type"=>"application/json", "HTTP_AUTHORIZATION"=>"Basic OTY5ODFlMjItMmM0Zi00ZWQ2LThkMjQtYzZhY2QwZTQxM2MyOmRmV2VWWXFxVUpRSmJtbW1sc3JRNXp4bkx6Ulc=", "HTTP_REFERER"=>"/api/users?first_name=John&last_name=Doe&email=johndoe@example.com"}
D, [2016-08-24T02:29:34.737546 #19122] DEBUG -- : REQUESTING PAGE: POST /api/users/producs?first_name=John 1&last_name=Doe&email=johndoe1@example.com with {} and HTTP headers {"Accept"=>"application/json", "Content-Type"=>"application/json", "HTTP_AUTHORIZATION"=>"Basic OTY5ODFlMjItMmM0Zi00ZWQ2LThkMjQtYzZhY2QwZTQxM2MyOmRmV2VWWXFxVUpRSmJtbW1sc3JRNXp4bkx6Ulc=", "HTTP_REFERER"=>"/api/users/producs?first_name=John 0&last_name=Doe&email=johndoe0@example.com"}
D, [2016-08-24T02:29:34.738060 #19122] DEBUG -- : REQUESTING PAGE: GET /api/users/fd48f961-66bd-45f7-9b10-a9e0a3355d33/products with {} and HTTP headers {"Accept"=>"application/json", "Content-Type"=>"application/json", "HTTP_AUTHORIZATION"=>"Basic OTY5ODFlMjItMmM0Zi00ZWQ2LThkMjQtYzZhY2QwZTQxM2MyOmRmV2VWWXFxVUpRSmJtbW1sc3JRNXp4bkx6Ulc=", "HTTP_REFERER"=>"/api/users/producs?first_name=John 1&last_name=Doe&email=johndoe1@example.com"}
D, [2016-08-24T02:29:34.750896 #19122] DEBUG -- : REQUESTING PAGE: POST /api/organizations?name=Pizza Shop with {} and HTTP headers {"Accept"=>"application/json", "Content-Type"=>"application/json"}
D, [2016-08-24T02:29:34.753613 #19122] DEBUG -- : REQUESTING PAGE: POST /api/users?first_name=John&last_name=Doe&email=johndoe@example.com with {} and HTTP headers {"Accept"=>"application/json", "Content-Type"=>"application/json", "HTTP_AUTHORIZATION"=>"Basic ZGI4NTgzYTQtMDA3Zi00NDRhLWIwNjYtNzc3OTgzNDc4YjIyOlhaaTBkdCs4bmUwTU42YXE5YStJUE1mUTBvWDI=", "HTTP_REFERER"=>"/api/organizations?name=Pizza Shop"}
D, [2016-08-24T02:29:34.757181 #19122] DEBUG -- : REQUESTING PAGE: POST /api/organizations?name=Pizza Shop with {} and HTTP headers {"Accept"=>"application/json", "Content-Type"=>"application/json"}
D, [2016-08-24T02:29:34.758936 #19122] DEBUG -- : REQUESTING PAGE: POST /api/users?first_name=John 0&last_name=Doe&email=johndoe0@example.com with {} and HTTP headers {"Accept"=>"application/json", "Content-Type"=>"application/json", "HTTP_AUTHORIZATION"=>"Basic Zjc4OWFkYjQtZWEyOC00ZjhiLWI3MGYtY2Q5OWQzNWNmNWU5OjdWUHBBaUVjUmhWY1NNUEhFMFVyRStxQ0lPRWk=", "HTTP_REFERER"=>"/api/organizations?name=Pizza Shop"}
D, [2016-08-24T02:29:34.760179 #19122] DEBUG -- : REQUESTING PAGE: POST /api/users?first_name=John 1&last_name=Doe&email=johndoe1@example.com with {} and HTTP headers {"Accept"=>"application/json", "Content-Type"=>"application/json", "HTTP_AUTHORIZATION"=>"Basic Zjc4OWFkYjQtZWEyOC00ZjhiLWI3MGYtY2Q5OWQzNWNmNWU5OjdWUHBBaUVjUmhWY1NNUEhFMFVyRStxQ0lPRWk=", "HTTP_REFERER"=>"/api/users?first_name=John 0&last_name=Doe&email=johndoe0@example.com"}
D, [2016-08-24T02:29:34.761573 #19122] DEBUG -- : REQUESTING PAGE: GET /api/users with {} and HTTP headers {"Accept"=>"application/json", "Content-Type"=>"application/json", "HTTP_AUTHORIZATION"=>"Basic Zjc4OWFkYjQtZWEyOC00ZjhiLWI3MGYtY2Q5OWQzNWNmNWU5OjdWUHBBaUVjUmhWY1NNUEhFMFVyRStxQ0lPRWk=", "HTTP_REFERER"=>"/api/users?first_name=John 1&last_name=Doe&email=johndoe1@example.com"}
D, [2016-08-24T02:29:51.890189 #19131] DEBUG -- : REQUESTING PAGE: POST /api/organizations?name=Pizza Shop with {} and HTTP headers {"Accept"=>"application/json", "Content-Type"=>"application/json"}
D, [2016-08-24T02:29:51.930965 #19131] DEBUG -- : REQUESTING PAGE: POST /api/organizations?name=Pizza Shop with {} and HTTP headers {"Accept"=>"application/json", "Content-Type"=>"application/json"}
D, [2016-08-24T02:29:51.932992 #19131] DEBUG -- : REQUESTING PAGE: POST /api/users?first_name=John&last_name=Doe&email=johndoe@example.com with {} and HTTP headers {"Accept"=>"application/json", "Content-Type"=>"application/json", "HTTP_AUTHORIZATION"=>"Basic OWI4MDQ1NDMtOTFmMi00ZjQwLTg1NzMtNzBlNDA0YTg2NjA2OitIMUNFSXFNQ1RESDFXS3F3TUl4RDhoRXMvZkk=", "HTTP_REFERER"=>"/api/organizations?name=Pizza Shop"}
D, [2016-08-24T02:29:51.938059 #19131] DEBUG -- : REQUESTING PAGE: POST /api/users/94fcb1c1-7f66-4c49-9944-19dfcdeca1a4/products?name=Pizza&category=food with {} and HTTP headers {"Accept"=>"application/json", "Content-Type"=>"application/json", "HTTP_AUTHORIZATION"=>"Basic OWI4MDQ1NDMtOTFmMi00ZjQwLTg1NzMtNzBlNDA0YTg2NjA2OitIMUNFSXFNQ1RESDFXS3F3TUl4RDhoRXMvZkk=", "HTTP_REFERER"=>"/api/users?first_name=John&last_name=Doe&email=johndoe@example.com"}
D, [2016-08-24T02:29:51.944176 #19131] DEBUG -- : REQUESTING PAGE: POST /api/organizations?name=Pizza Shop with {} and HTTP headers {"Accept"=>"application/json", "Content-Type"=>"application/json"}
D, [2016-08-24T02:29:51.947047 #19131] DEBUG -- : REQUESTING PAGE: POST /api/users?first_name=John&last_name=Doe&email=johndoe@example.com with {} and HTTP headers {"Accept"=>"application/json", "Content-Type"=>"application/json", "HTTP_AUTHORIZATION"=>"Basic ODg0MzJlZDYtN2RjOC00Y2I4LThmODQtMjc4ODVlZDkyNmI4OnB2RUQvNTRrSjNYcTVXd0VHNEJQS240bHpJQjM=", "HTTP_REFERER"=>"/api/organizations?name=Pizza Shop"}
D, [2016-08-24T02:29:51.949007 #19131] DEBUG -- : REQUESTING PAGE: POST /api/users/producs?first_name=John 0&last_name=Doe&email=johndoe0@example.com with {} and HTTP headers {"Accept"=>"application/json", "Content-Type"=>"application/json", "HTTP_AUTHORIZATION"=>"Basic ODg0MzJlZDYtN2RjOC00Y2I4LThmODQtMjc4ODVlZDkyNmI4OnB2RUQvNTRrSjNYcTVXd0VHNEJQS240bHpJQjM=", "HTTP_REFERER"=>"/api/users?first_name=John&last_name=Doe&email=johndoe@example.com"}
D, [2016-08-24T02:29:51.949403 #19131] DEBUG -- : REQUESTING PAGE: POST /api/users/producs?first_name=John 1&last_name=Doe&email=johndoe1@example.com with {} and HTTP headers {"Accept"=>"application/json", "Content-Type"=>"application/json", "HTTP_AUTHORIZATION"=>"Basic ODg0MzJlZDYtN2RjOC00Y2I4LThmODQtMjc4ODVlZDkyNmI4OnB2RUQvNTRrSjNYcTVXd0VHNEJQS240bHpJQjM=", "HTTP_REFERER"=>"/api/users/producs?first_name=John 0&last_name=Doe&email=johndoe0@example.com"}
D, [2016-08-24T02:29:51.949919 #19131] DEBUG -- : REQUESTING PAGE: GET /api/users/58724f14-9683-430c-b4df-a5d9b4348a51/products with {} and HTTP headers {"Accept"=>"application/json", "Content-Type"=>"application/json", "HTTP_AUTHORIZATION"=>"Basic ODg0MzJlZDYtN2RjOC00Y2I4LThmODQtMjc4ODVlZDkyNmI4OnB2RUQvNTRrSjNYcTVXd0VHNEJQS240bHpJQjM=", "HTTP_REFERER"=>"/api/users/producs?first_name=John 1&last_name=Doe&email=johndoe1@example.com"}
D, [2016-08-24T02:29:51.962882 #19131] DEBUG -- : REQUESTING PAGE: POST /api/organizations?name=Pizza Shop with {} and HTTP headers {"Accept"=>"application/json", "Content-Type"=>"application/json"}
D, [2016-08-24T02:29:51.965186 #19131] DEBUG -- : REQUESTING PAGE: POST /api/users?first_name=John&last_name=Doe&email=johndoe@example.com with {} and HTTP headers {"Accept"=>"application/json", "Content-Type"=>"application/json", "HTTP_AUTHORIZATION"=>"Basic Zjk1NzMyMjEtNGI4OS00ZjI1LThhZTQtOTNmYTM4ZmMzYzhhOitFanZHbUYzZTNvS3RWQ0ttbW5NSE9yLzJxYlI=", "HTTP_REFERER"=>"/api/organizations?name=Pizza Shop"}
D, [2016-08-24T02:29:51.969390 #19131] DEBUG -- : REQUESTING PAGE: POST /api/organizations?name=Pizza Shop with {} and HTTP headers {"Accept"=>"application/json", "Content-Type"=>"application/json"}
D, [2016-08-24T02:29:51.971135 #19131] DEBUG -- : REQUESTING PAGE: POST /api/users?first_name=John 0&last_name=Doe&email=johndoe0@example.com with {} and HTTP headers {"Accept"=>"application/json", "Content-Type"=>"application/json", "HTTP_AUTHORIZATION"=>"Basic OTk3OTkyZGEtMjE4My00OTExLWE5MjctMTc3NDdlYzAwY2IwOmQ3dzdjYkl2bVFzSnZEbDMyNHRNZzErREJVVVk=", "HTTP_REFERER"=>"/api/organizations?name=Pizza Shop"}
D, [2016-08-24T02:29:51.972242 #19131] DEBUG -- : REQUESTING PAGE: POST /api/users?first_name=John 1&last_name=Doe&email=johndoe1@example.com with {} and HTTP headers {"Accept"=>"application/json", "Content-Type"=>"application/json", "HTTP_AUTHORIZATION"=>"Basic OTk3OTkyZGEtMjE4My00OTExLWE5MjctMTc3NDdlYzAwY2IwOmQ3dzdjYkl2bVFzSnZEbDMyNHRNZzErREJVVVk=", "HTTP_REFERER"=>"/api/users?first_name=John 0&last_name=Doe&email=johndoe0@example.com"}
D, [2016-08-24T02:29:51.973578 #19131] DEBUG -- : REQUESTING PAGE: GET /api/users with {} and HTTP headers {"Accept"=>"application/json", "Content-Type"=>"application/json", "HTTP_AUTHORIZATION"=>"Basic OTk3OTkyZGEtMjE4My00OTExLWE5MjctMTc3NDdlYzAwY2IwOmQ3dzdjYkl2bVFzSnZEbDMyNHRNZzErREJVVVk=", "HTTP_REFERER"=>"/api/users?first_name=John 1&last_name=Doe&email=johndoe1@example.com"}
D, [2016-08-24T02:31:04.943286 #19160] DEBUG -- : REQUESTING PAGE: POST /api/organizations?name=Pizza Shop with {} and HTTP headers {"Accept"=>"application/json", "Content-Type"=>"application/json"}
D, [2016-08-24T02:31:04.988580 #19160] DEBUG -- : REQUESTING PAGE: POST /api/organizations?name=Pizza Shop with {} and HTTP headers {"Accept"=>"application/json", "Content-Type"=>"application/json"}
D, [2016-08-24T02:31:04.990446 #19160] DEBUG -- : REQUESTING PAGE: POST /api/users?first_name=John&last_name=Doe&email=johndoe@example.com with {} and HTTP headers {"Accept"=>"application/json", "Content-Type"=>"application/json", "HTTP_AUTHORIZATION"=>"Basic M2VkNDU0OWEtNDk5Ni00NzVhLWIzYjEtNDBiNThjYTljMTdkOjJ3M1JTdWJMOXNIdmlqZmQ0ZUJDTXJwTmUrcEQ=", "HTTP_REFERER"=>"/api/organizations?name=Pizza Shop"}
D, [2016-08-24T02:31:04.995173 #19160] DEBUG -- : REQUESTING PAGE: POST /api/users/0d4b2d50-c165-4189-a96e-e32af2110d01/products?name=Pizza&category=food with {} and HTTP headers {"Accept"=>"application/json", "Content-Type"=>"application/json", "HTTP_AUTHORIZATION"=>"Basic M2VkNDU0OWEtNDk5Ni00NzVhLWIzYjEtNDBiNThjYTljMTdkOjJ3M1JTdWJMOXNIdmlqZmQ0ZUJDTXJwTmUrcEQ=", "HTTP_REFERER"=>"/api/users?first_name=John&last_name=Doe&email=johndoe@example.com"}
D, [2016-08-24T02:31:05.000778 #19160] DEBUG -- : REQUESTING PAGE: POST /api/organizations?name=Pizza Shop with {} and HTTP headers {"Accept"=>"application/json", "Content-Type"=>"application/json"}
D, [2016-08-24T02:31:05.002801 #19160] DEBUG -- : REQUESTING PAGE: POST /api/users?first_name=John&last_name=Doe&email=johndoe@example.com with {} and HTTP headers {"Accept"=>"application/json", "Content-Type"=>"application/json", "HTTP_AUTHORIZATION"=>"Basic ZDZjMTY1M2MtNTk4Yy00ZjM3LWFhMzUtM2MzZTQzOGY0NWM3OkpTdkdiSk1QR0cwd0ZLazlzeXZnSlZ2WkRmT0E=", "HTTP_REFERER"=>"/api/organizations?name=Pizza Shop"}
D, [2016-08-24T02:31:05.004700 #19160] DEBUG -- : REQUESTING PAGE: POST /api/users/products?name=Pizza&category=food with {} and HTTP headers {"Accept"=>"application/json", "Content-Type"=>"application/json", "HTTP_AUTHORIZATION"=>"Basic ZDZjMTY1M2MtNTk4Yy00ZjM3LWFhMzUtM2MzZTQzOGY0NWM3OkpTdkdiSk1QR0cwd0ZLazlzeXZnSlZ2WkRmT0E=", "HTTP_REFERER"=>"/api/users?first_name=John&last_name=Doe&email=johndoe@example.com"}
D, [2016-08-24T02:31:05.005092 #19160] DEBUG -- : REQUESTING PAGE: POST /api/users/products?name=Pizza&category=food with {} and HTTP headers {"Accept"=>"application/json", "Content-Type"=>"application/json", "HTTP_AUTHORIZATION"=>"Basic ZDZjMTY1M2MtNTk4Yy00ZjM3LWFhMzUtM2MzZTQzOGY0NWM3OkpTdkdiSk1QR0cwd0ZLazlzeXZnSlZ2WkRmT0E=", "HTTP_REFERER"=>"/api/users/products?name=Pizza&category=food"}
D, [2016-08-24T02:31:05.005620 #19160] DEBUG -- : REQUESTING PAGE: GET /api/users/2cfdfc2a-88d2-45ee-8118-51421d37659a/products with {} and HTTP headers {"Accept"=>"application/json", "Content-Type"=>"application/json", "HTTP_AUTHORIZATION"=>"Basic ZDZjMTY1M2MtNTk4Yy00ZjM3LWFhMzUtM2MzZTQzOGY0NWM3OkpTdkdiSk1QR0cwd0ZLazlzeXZnSlZ2WkRmT0E=", "HTTP_REFERER"=>"/api/users/products?name=Pizza&category=food"}
D, [2016-08-24T02:31:05.019169 #19160] DEBUG -- : REQUESTING PAGE: POST /api/organizations?name=Pizza Shop with {} and HTTP headers {"Accept"=>"application/json", "Content-Type"=>"application/json"}
D, [2016-08-24T02:31:05.021042 #19160] DEBUG -- : REQUESTING PAGE: POST /api/users?first_name=John&last_name=Doe&email=johndoe@example.com with {} and HTTP headers {"Accept"=>"application/json", "Content-Type"=>"application/json", "HTTP_AUTHORIZATION"=>"Basic NTE0OGNiZjAtOTgyMy00YjNmLWFmMDEtMzY4ODg3ZDAyYzU3Om5OdXo5Z0xNQ3hTOW1WMjlFNjV5M0pXdGFleVk=", "HTTP_REFERER"=>"/api/organizations?name=Pizza Shop"}
D, [2016-08-24T02:31:05.024702 #19160] DEBUG -- : REQUESTING PAGE: POST /api/organizations?name=Pizza Shop with {} and HTTP headers {"Accept"=>"application/json", "Content-Type"=>"application/json"}
D, [2016-08-24T02:31:05.026282 #19160] DEBUG -- : REQUESTING PAGE: POST /api/users?first_name=John 0&last_name=Doe&email=johndoe0@example.com with {} and HTTP headers {"Accept"=>"application/json", "Content-Type"=>"application/json", "HTTP_AUTHORIZATION"=>"Basic OWFlMGFmMzktZDFmOC00MTk1LThjYzMtYjgzN2ViM2ZmNDQ3OldRV2RjYjhkQUlHY25EWkx2YjhPekUyRlBBS0U=", "HTTP_REFERER"=>"/api/organizations?name=Pizza Shop"}
D, [2016-08-24T02:31:05.027506 #19160] DEBUG -- : REQUESTING PAGE: POST /api/users?first_name=John 1&last_name=Doe&email=johndoe1@example.com with {} and HTTP headers {"Accept"=>"application/json", "Content-Type"=>"application/json", "HTTP_AUTHORIZATION"=>"Basic OWFlMGFmMzktZDFmOC00MTk1LThjYzMtYjgzN2ViM2ZmNDQ3OldRV2RjYjhkQUlHY25EWkx2YjhPekUyRlBBS0U=", "HTTP_REFERER"=>"/api/users?first_name=John 0&last_name=Doe&email=johndoe0@example.com"}
D, [2016-08-24T02:31:05.029041 #19160] DEBUG -- : REQUESTING PAGE: GET /api/users with {} and HTTP headers {"Accept"=>"application/json", "Content-Type"=>"application/json", "HTTP_AUTHORIZATION"=>"Basic OWFlMGFmMzktZDFmOC00MTk1LThjYzMtYjgzN2ViM2ZmNDQ3OldRV2RjYjhkQUlHY25EWkx2YjhPekUyRlBBS0U=", "HTTP_REFERER"=>"/api/users?first_name=John 1&last_name=Doe&email=johndoe1@example.com"}
D, [2016-08-24T02:31:28.654362 #19169] DEBUG -- : REQUESTING PAGE: POST /api/organizations?name=Pizza Shop with {} and HTTP headers {"Accept"=>"application/json", "Content-Type"=>"application/json"}
D, [2016-08-24T02:31:28.700980 #19169] DEBUG -- : REQUESTING PAGE: POST /api/organizations?name=Pizza Shop with {} and HTTP headers {"Accept"=>"application/json", "Content-Type"=>"application/json"}
D, [2016-08-24T02:31:28.707680 #19169] DEBUG -- : REQUESTING PAGE: POST /api/users?first_name=John&last_name=Doe&email=johndoe@example.com with {} and HTTP headers {"Accept"=>"application/json", "Content-Type"=>"application/json", "HTTP_AUTHORIZATION"=>"Basic ZDNmNGM4ZGYtOGM0ZC00NzBiLWI4Y2EtNDFjMDEyYzRlZjNhOlpEdjRsdjF0Sk9HVDE2RUtJYm5HRVFXay9ab24=", "HTTP_REFERER"=>"/api/organizations?name=Pizza Shop"}
D, [2016-08-24T02:31:28.712844 #19169] DEBUG -- : REQUESTING PAGE: POST /api/users/1326ec89-0a5e-49dd-aa3a-2b99ce1db247/products?name=Pizza&category=food with {} and HTTP headers {"Accept"=>"application/json", "Content-Type"=>"application/json", "HTTP_AUTHORIZATION"=>"Basic ZDNmNGM4ZGYtOGM0ZC00NzBiLWI4Y2EtNDFjMDEyYzRlZjNhOlpEdjRsdjF0Sk9HVDE2RUtJYm5HRVFXay9ab24=", "HTTP_REFERER"=>"/api/users?first_name=John&last_name=Doe&email=johndoe@example.com"}
D, [2016-08-24T02:31:28.718128 #19169] DEBUG -- : REQUESTING PAGE: POST /api/organizations?name=Pizza Shop with {} and HTTP headers {"Accept"=>"application/json", "Content-Type"=>"application/json"}
D, [2016-08-24T02:31:28.720238 #19169] DEBUG -- : REQUESTING PAGE: POST /api/users?first_name=John&last_name=Doe&email=johndoe@example.com with {} and HTTP headers {"Accept"=>"application/json", "Content-Type"=>"application/json", "HTTP_AUTHORIZATION"=>"Basic NDdiZGQzZjEtMGE1Ni00ZWE4LTlkOTAtODc2YWE4ZTlmZmFkOjh5d2N3dHJkZXNGTVlJN0VyUTdlZEJ3VDNOakY=", "HTTP_REFERER"=>"/api/organizations?name=Pizza Shop"}
D, [2016-08-24T02:31:28.722233 #19169] DEBUG -- : REQUESTING PAGE: POST /api/users/products?name=Pizza&category=food with {} and HTTP headers {"Accept"=>"application/json", "Content-Type"=>"application/json", "HTTP_AUTHORIZATION"=>"Basic NDdiZGQzZjEtMGE1Ni00ZWE4LTlkOTAtODc2YWE4ZTlmZmFkOjh5d2N3dHJkZXNGTVlJN0VyUTdlZEJ3VDNOakY=", "HTTP_REFERER"=>"/api/users?first_name=John&last_name=Doe&email=johndoe@example.com"}
D, [2016-08-24T02:31:28.722651 #19169] DEBUG -- : REQUESTING PAGE: POST /api/users/products?name=Pizza&category=food with {} and HTTP headers {"Accept"=>"application/json", "Content-Type"=>"application/json", "HTTP_AUTHORIZATION"=>"Basic NDdiZGQzZjEtMGE1Ni00ZWE4LTlkOTAtODc2YWE4ZTlmZmFkOjh5d2N3dHJkZXNGTVlJN0VyUTdlZEJ3VDNOakY=", "HTTP_REFERER"=>"/api/users/products?name=Pizza&category=food"}
D, [2016-08-24T02:31:28.723116 #19169] DEBUG -- : REQUESTING PAGE: GET /api/users/9a6048cd-813e-41e1-8665-ce8b9ffe10f3/products with {} and HTTP headers {"Accept"=>"application/json", "Content-Type"=>"application/json", "HTTP_AUTHORIZATION"=>"Basic NDdiZGQzZjEtMGE1Ni00ZWE4LTlkOTAtODc2YWE4ZTlmZmFkOjh5d2N3dHJkZXNGTVlJN0VyUTdlZEJ3VDNOakY=", "HTTP_REFERER"=>"/api/users/products?name=Pizza&category=food"}
D, [2016-08-24T02:31:28.734992 #19169] DEBUG -- : REQUESTING PAGE: POST /api/organizations?name=Pizza Shop with {} and HTTP headers {"Accept"=>"application/json", "Content-Type"=>"application/json"}
D, [2016-08-24T02:31:28.737043 #19169] DEBUG -- : REQUESTING PAGE: POST /api/users?first_name=John&last_name=Doe&email=johndoe@example.com with {} and HTTP headers {"Accept"=>"application/json", "Content-Type"=>"application/json", "HTTP_AUTHORIZATION"=>"Basic YTY5OTIzMTQtMjQ0Ny00NTZiLTk1NmQtMGQ5NTdjZTMwNTlmOllIVWU1TXc5M0Q3dHRsZ2RkUEl0TTh2YVY0Tzg=", "HTTP_REFERER"=>"/api/organizations?name=Pizza Shop"}
D, [2016-08-24T02:31:28.740618 #19169] DEBUG -- : REQUESTING PAGE: POST /api/organizations?name=Pizza Shop with {} and HTTP headers {"Accept"=>"application/json", "Content-Type"=>"application/json"}
D, [2016-08-24T02:31:28.742323 #19169] DEBUG -- : REQUESTING PAGE: POST /api/users?first_name=John 0&last_name=Doe&email=johndoe0@example.com with {} and HTTP headers {"Accept"=>"application/json", "Content-Type"=>"application/json", "HTTP_AUTHORIZATION"=>"Basic Njk4YzQ4ZjktOTI1ZS00YmM3LWI2MWYtZjBmNzE0NDAwNDc3Okx6MTQrR2poZWVVM2lBQjM0MFNqQVdjWXQ1UDI=", "HTTP_REFERER"=>"/api/organizations?name=Pizza Shop"}
D, [2016-08-24T02:31:28.743539 #19169] DEBUG -- : REQUESTING PAGE: POST /api/users?first_name=John 1&last_name=Doe&email=johndoe1@example.com with {} and HTTP headers {"Accept"=>"application/json", "Content-Type"=>"application/json", "HTTP_AUTHORIZATION"=>"Basic Njk4YzQ4ZjktOTI1ZS00YmM3LWI2MWYtZjBmNzE0NDAwNDc3Okx6MTQrR2poZWVVM2lBQjM0MFNqQVdjWXQ1UDI=", "HTTP_REFERER"=>"/api/users?first_name=John 0&last_name=Doe&email=johndoe0@example.com"}
D, [2016-08-24T02:31:28.745013 #19169] DEBUG -- : REQUESTING PAGE: GET /api/users with {} and HTTP headers {"Accept"=>"application/json", "Content-Type"=>"application/json", "HTTP_AUTHORIZATION"=>"Basic Njk4YzQ4ZjktOTI1ZS00YmM3LWI2MWYtZjBmNzE0NDAwNDc3Okx6MTQrR2poZWVVM2lBQjM0MFNqQVdjWXQ1UDI=", "HTTP_REFERER"=>"/api/users?first_name=John 1&last_name=Doe&email=johndoe1@example.com"}
D, [2016-08-24T02:32:10.683171 #19185] DEBUG -- : REQUESTING PAGE: POST /api/organizations?name=Pizza Shop with {} and HTTP headers {"Accept"=>"application/json", "Content-Type"=>"application/json"}
D, [2016-08-24T02:32:10.721105 #19185] DEBUG -- : REQUESTING PAGE: POST /api/organizations?name=Pizza Shop with {} and HTTP headers {"Accept"=>"application/json", "Content-Type"=>"application/json"}
D, [2016-08-24T02:32:10.723433 #19185] DEBUG -- : REQUESTING PAGE: POST /api/users?first_name=John&last_name=Doe&email=johndoe@example.com with {} and HTTP headers {"Accept"=>"application/json", "Content-Type"=>"application/json", "HTTP_AUTHORIZATION"=>"Basic Y2ZlYjZkMjctNmM2Ny00MjFjLWIzNDQtZjkwOWU1NDI4NDBjOkVTK3RlZ3hFQ0l1eUV1TDB3QXVQdjFCOHVReDU=", "HTTP_REFERER"=>"/api/organizations?name=Pizza Shop"}
D, [2016-08-24T02:32:10.728874 #19185] DEBUG -- : REQUESTING PAGE: POST /api/users/899908e1-324b-4963-a4a8-d5267f3422de/products?name=Pizza&category=food with {} and HTTP headers {"Accept"=>"application/json", "Content-Type"=>"application/json", "HTTP_AUTHORIZATION"=>"Basic Y2ZlYjZkMjctNmM2Ny00MjFjLWIzNDQtZjkwOWU1NDI4NDBjOkVTK3RlZ3hFQ0l1eUV1TDB3QXVQdjFCOHVReDU=", "HTTP_REFERER"=>"/api/users?first_name=John&last_name=Doe&email=johndoe@example.com"}
D, [2016-08-24T02:32:10.734883 #19185] DEBUG -- : REQUESTING PAGE: POST /api/organizations?name=Pizza Shop with {} and HTTP headers {"Accept"=>"application/json", "Content-Type"=>"application/json"}
D, [2016-08-24T02:32:10.736871 #19185] DEBUG -- : REQUESTING PAGE: POST /api/users?first_name=John&last_name=Doe&email=johndoe@example.com with {} and HTTP headers {"Accept"=>"application/json", "Content-Type"=>"application/json", "HTTP_AUTHORIZATION"=>"Basic YTNhZDA1N2ItNDhkOC00Zjg0LTk1ZTEtMTkyNjgxYjhhZmI1Om9ZUG4rR0RlQllPaHFxNDJEUnFWalovK1dGRFM=", "HTTP_REFERER"=>"/api/organizations?name=Pizza Shop"}
D, [2016-08-24T02:32:10.739491 #19185] DEBUG -- : REQUESTING PAGE: POST /api/users/70238cd1-0512-4490-bf2d-b131115cc085/products?name=Pizza&category=food with {} and HTTP headers {"Accept"=>"application/json", "Content-Type"=>"application/json", "HTTP_AUTHORIZATION"=>"Basic YTNhZDA1N2ItNDhkOC00Zjg0LTk1ZTEtMTkyNjgxYjhhZmI1Om9ZUG4rR0RlQllPaHFxNDJEUnFWalovK1dGRFM=", "HTTP_REFERER"=>"/api/users?first_name=John&last_name=Doe&email=johndoe@example.com"}
D, [2016-08-24T02:32:10.740905 #19185] DEBUG -- : REQUESTING PAGE: POST /api/users/70238cd1-0512-4490-bf2d-b131115cc085/products?name=Pizza&category=food with {} and HTTP headers {"Accept"=>"application/json", "Content-Type"=>"application/json", "HTTP_AUTHORIZATION"=>"Basic YTNhZDA1N2ItNDhkOC00Zjg0LTk1ZTEtMTkyNjgxYjhhZmI1Om9ZUG4rR0RlQllPaHFxNDJEUnFWalovK1dGRFM=", "HTTP_REFERER"=>"/api/users/70238cd1-0512-4490-bf2d-b131115cc085/products?name=Pizza&category=food"}
D, [2016-08-24T02:32:10.742592 #19185] DEBUG -- : REQUESTING PAGE: GET /api/users/70238cd1-0512-4490-bf2d-b131115cc085/products with {} and HTTP headers {"Accept"=>"application/json", "Content-Type"=>"application/json", "HTTP_AUTHORIZATION"=>"Basic YTNhZDA1N2ItNDhkOC00Zjg0LTk1ZTEtMTkyNjgxYjhhZmI1Om9ZUG4rR0RlQllPaHFxNDJEUnFWalovK1dGRFM=", "HTTP_REFERER"=>"/api/users/70238cd1-0512-4490-bf2d-b131115cc085/products?name=Pizza&category=food"}
D, [2016-08-24T02:32:10.747261 #19185] DEBUG -- : REQUESTING PAGE: POST /api/organizations?name=Pizza Shop with {} and HTTP headers {"Accept"=>"application/json", "Content-Type"=>"application/json"}
D, [2016-08-24T02:32:10.749142 #19185] DEBUG -- : REQUESTING PAGE: POST /api/users?first_name=John&last_name=Doe&email=johndoe@example.com with {} and HTTP headers {"Accept"=>"application/json", "Content-Type"=>"application/json", "HTTP_AUTHORIZATION"=>"Basic ZGExODlhNWItZDllZi00Yjc0LWIxOGQtMTk4OWE5ZDcxMTM3Om1TUWtGajNvdnUwUVJ6a3FZSFRjd3NCcExTbFA=", "HTTP_REFERER"=>"/api/organizations?name=Pizza Shop"}
D, [2016-08-24T02:32:10.752650 #19185] DEBUG -- : REQUESTING PAGE: POST /api/organizations?name=Pizza Shop with {} and HTTP headers {"Accept"=>"application/json", "Content-Type"=>"application/json"}
D, [2016-08-24T02:32:10.754322 #19185] DEBUG -- : REQUESTING PAGE: POST /api/users?first_name=John 0&last_name=Doe&email=johndoe0@example.com with {} and HTTP headers {"Accept"=>"application/json", "Content-Type"=>"application/json", "HTTP_AUTHORIZATION"=>"Basic NzcwNzI4NjctOTIzNy00Mzk4LThhMDgtYzNkM2U1ZWY3MmVmOkFSV1pPajF4dE00NWlmQmlVVytRdmg2OWIvU0s=", "HTTP_REFERER"=>"/api/organizations?name=Pizza Shop"}
D, [2016-08-24T02:32:10.755566 #19185] DEBUG -- : REQUESTING PAGE: POST /api/users?first_name=John 1&last_name=Doe&email=johndoe1@example.com with {} and HTTP headers {"Accept"=>"application/json", "Content-Type"=>"application/json", "HTTP_AUTHORIZATION"=>"Basic NzcwNzI4NjctOTIzNy00Mzk4LThhMDgtYzNkM2U1ZWY3MmVmOkFSV1pPajF4dE00NWlmQmlVVytRdmg2OWIvU0s=", "HTTP_REFERER"=>"/api/users?first_name=John 0&last_name=Doe&email=johndoe0@example.com"}
D, [2016-08-24T02:32:10.757240 #19185] DEBUG -- : REQUESTING PAGE: GET /api/users with {} and HTTP headers {"Accept"=>"application/json", "Content-Type"=>"application/json", "HTTP_AUTHORIZATION"=>"Basic NzcwNzI4NjctOTIzNy00Mzk4LThhMDgtYzNkM2U1ZWY3MmVmOkFSV1pPajF4dE00NWlmQmlVVytRdmg2OWIvU0s=", "HTTP_REFERER"=>"/api/users?first_name=John 1&last_name=Doe&email=johndoe1@example.com"}
D, [2016-08-24T02:32:14.318050 #19189] DEBUG -- : REQUESTING PAGE: POST /api/organizations?name=Pizza Shop with {} and HTTP headers {"Accept"=>"application/json", "Content-Type"=>"application/json"}
D, [2016-08-24T02:32:14.359534 #19189] DEBUG -- : REQUESTING PAGE: POST /api/organizations?name=Pizza Shop with {} and HTTP headers {"Accept"=>"application/json", "Content-Type"=>"application/json"}
D, [2016-08-24T02:32:14.361344 #19189] DEBUG -- : REQUESTING PAGE: POST /api/users?first_name=John&last_name=Doe&email=johndoe@example.com with {} and HTTP headers {"Accept"=>"application/json", "Content-Type"=>"application/json", "HTTP_AUTHORIZATION"=>"Basic ZTI3YWE0ZTItZThkOC00Mzc2LWFiMmMtZjMyOTQ5M2FkZjgwOk5JbTFJcW8zWi9tOTZvTDZ5c0VEcUhFMGlIbmo=", "HTTP_REFERER"=>"/api/organizations?name=Pizza Shop"}
D, [2016-08-24T02:32:14.366183 #19189] DEBUG -- : REQUESTING PAGE: POST /api/users/2cd28e3c-b2df-4035-be89-9d1141c4c92f/products?name=Pizza&category=food with {} and HTTP headers {"Accept"=>"application/json", "Content-Type"=>"application/json", "HTTP_AUTHORIZATION"=>"Basic ZTI3YWE0ZTItZThkOC00Mzc2LWFiMmMtZjMyOTQ5M2FkZjgwOk5JbTFJcW8zWi9tOTZvTDZ5c0VEcUhFMGlIbmo=", "HTTP_REFERER"=>"/api/users?first_name=John&last_name=Doe&email=johndoe@example.com"}
D, [2016-08-24T02:32:14.371527 #19189] DEBUG -- : REQUESTING PAGE: POST /api/organizations?name=Pizza Shop with {} and HTTP headers {"Accept"=>"application/json", "Content-Type"=>"application/json"}
D, [2016-08-24T02:32:14.373346 #19189] DEBUG -- : REQUESTING PAGE: POST /api/users?first_name=John&last_name=Doe&email=johndoe@example.com with {} and HTTP headers {"Accept"=>"application/json", "Content-Type"=>"application/json", "HTTP_AUTHORIZATION"=>"Basic YzA4Y2NjM2QtOGI0Yi00ZmQyLWI4YzktYjMwYjc0ZmE0NGQ2OldNb1BoS3BZUkVpRS9ycjVlb2hRVDgzaUtReHk=", "HTTP_REFERER"=>"/api/organizations?name=Pizza Shop"}
D, [2016-08-24T02:32:14.375055 #19189] DEBUG -- : REQUESTING PAGE: POST /api/users/df238665-1845-47a0-926a-4f7cbf50903a/products?name=Pizza&category=food with {} and HTTP headers {"Accept"=>"application/json", "Content-Type"=>"application/json", "HTTP_AUTHORIZATION"=>"Basic YzA4Y2NjM2QtOGI0Yi00ZmQyLWI4YzktYjMwYjc0ZmE0NGQ2OldNb1BoS3BZUkVpRS9ycjVlb2hRVDgzaUtReHk=", "HTTP_REFERER"=>"/api/users?first_name=John&last_name=Doe&email=johndoe@example.com"}
D, [2016-08-24T02:32:14.376277 #19189] DEBUG -- : REQUESTING PAGE: POST /api/users/df238665-1845-47a0-926a-4f7cbf50903a/products?name=Pizza&category=food with {} and HTTP headers {"Accept"=>"application/json", "Content-Type"=>"application/json", "HTTP_AUTHORIZATION"=>"Basic YzA4Y2NjM2QtOGI0Yi00ZmQyLWI4YzktYjMwYjc0ZmE0NGQ2OldNb1BoS3BZUkVpRS9ycjVlb2hRVDgzaUtReHk=", "HTTP_REFERER"=>"/api/users/df238665-1845-47a0-926a-4f7cbf50903a/products?name=Pizza&category=food"}
D, [2016-08-24T02:32:14.377696 #19189] DEBUG -- : REQUESTING PAGE: GET /api/users/df238665-1845-47a0-926a-4f7cbf50903a/products with {} and HTTP headers {"Accept"=>"application/json", "Content-Type"=>"application/json", "HTTP_AUTHORIZATION"=>"Basic YzA4Y2NjM2QtOGI0Yi00ZmQyLWI4YzktYjMwYjc0ZmE0NGQ2OldNb1BoS3BZUkVpRS9ycjVlb2hRVDgzaUtReHk=", "HTTP_REFERER"=>"/api/users/df238665-1845-47a0-926a-4f7cbf50903a/products?name=Pizza&category=food"}
D, [2016-08-24T02:32:14.383982 #19189] DEBUG -- : REQUESTING PAGE: POST /api/organizations?name=Pizza Shop with {} and HTTP headers {"Accept"=>"application/json", "Content-Type"=>"application/json"}
D, [2016-08-24T02:32:14.386343 #19189] DEBUG -- : REQUESTING PAGE: POST /api/users?first_name=John&last_name=Doe&email=johndoe@example.com with {} and HTTP headers {"Accept"=>"application/json", "Content-Type"=>"application/json", "HTTP_AUTHORIZATION"=>"Basic MGU0MzE0NDYtYzcxZi00ZTk4LTk5YTQtNDlmMGI5NjBhYmQ4OnB5TVo3bHdaa0lhNVNoYm5HaDRrQzkzV1B2Z3g=", "HTTP_REFERER"=>"/api/organizations?name=Pizza Shop"}
D, [2016-08-24T02:32:14.392028 #19189] DEBUG -- : REQUESTING PAGE: POST /api/organizations?name=Pizza Shop with {} and HTTP headers {"Accept"=>"application/json", "Content-Type"=>"application/json"}
D, [2016-08-24T02:32:14.393872 #19189] DEBUG -- : REQUESTING PAGE: POST /api/users?first_name=John 0&last_name=Doe&email=johndoe0@example.com with {} and HTTP headers {"Accept"=>"application/json", "Content-Type"=>"application/json", "HTTP_AUTHORIZATION"=>"Basic ZGJhMTk4YjgtNTMxYi00ZmZhLTgwMjYtODQ1ZTczY2ViNzQ2OkR0dVcyZTY4TTUzMWhKdlZXK2Fzc2pUS2pmbkI=", "HTTP_REFERER"=>"/api/organizations?name=Pizza Shop"}
D, [2016-08-24T02:32:14.395363 #19189] DEBUG -- : REQUESTING PAGE: POST /api/users?first_name=John 1&last_name=Doe&email=johndoe1@example.com with {} and HTTP headers {"Accept"=>"application/json", "Content-Type"=>"application/json", "HTTP_AUTHORIZATION"=>"Basic ZGJhMTk4YjgtNTMxYi00ZmZhLTgwMjYtODQ1ZTczY2ViNzQ2OkR0dVcyZTY4TTUzMWhKdlZXK2Fzc2pUS2pmbkI=", "HTTP_REFERER"=>"/api/users?first_name=John 0&last_name=Doe&email=johndoe0@example.com"}
D, [2016-08-24T02:32:14.396785 #19189] DEBUG -- : REQUESTING PAGE: GET /api/users with {} and HTTP headers {"Accept"=>"application/json", "Content-Type"=>"application/json", "HTTP_AUTHORIZATION"=>"Basic ZGJhMTk4YjgtNTMxYi00ZmZhLTgwMjYtODQ1ZTczY2ViNzQ2OkR0dVcyZTY4TTUzMWhKdlZXK2Fzc2pUS2pmbkI=", "HTTP_REFERER"=>"/api/users?first_name=John 1&last_name=Doe&email=johndoe1@example.com"}
D, [2016-08-24T02:47:40.361908 #19546] DEBUG -- : REQUESTING PAGE: POST /api/organizations?name=Pizza Shop with {} and HTTP headers {"Accept"=>"application/json", "Content-Type"=>"application/json"}
D, [2016-08-24T02:47:40.398797 #19546] DEBUG -- : REQUESTING PAGE: POST /api/organizations?name=Pizza Shop with {} and HTTP headers {"Accept"=>"application/json", "Content-Type"=>"application/json"}
D, [2016-08-24T02:47:40.400699 #19546] DEBUG -- : REQUESTING PAGE: POST /api/users?first_name=John&last_name=Doe&email=johndoe@example.com with {} and HTTP headers {"Accept"=>"application/json", "Content-Type"=>"application/json", "HTTP_AUTHORIZATION"=>"Basic OWJkZTI1NjQtNDU0MS00MGFmLThhYjQtNGU3ZWI4N2RhODg4OlRDM3h0YVMyaTNZVWwxODBrRzdicW9TbFBrcGM=", "HTTP_REFERER"=>"/api/organizations?name=Pizza Shop"}
D, [2016-08-24T02:47:40.406423 #19546] DEBUG -- : REQUESTING PAGE: POST /api/users/7123a8b2-3144-4924-ba69-955f05512e7b/products?name=Pizza&category=food with {} and HTTP headers {"Accept"=>"application/json", "Content-Type"=>"application/json", "HTTP_AUTHORIZATION"=>"Basic OWJkZTI1NjQtNDU0MS00MGFmLThhYjQtNGU3ZWI4N2RhODg4OlRDM3h0YVMyaTNZVWwxODBrRzdicW9TbFBrcGM=", "HTTP_REFERER"=>"/api/users?first_name=John&last_name=Doe&email=johndoe@example.com"}
D, [2016-08-24T02:47:40.411953 #19546] DEBUG -- : REQUESTING PAGE: POST /api/organizations?name=Pizza Shop with {} and HTTP headers {"Accept"=>"application/json", "Content-Type"=>"application/json"}
D, [2016-08-24T02:47:40.414114 #19546] DEBUG -- : REQUESTING PAGE: POST /api/users?first_name=John&last_name=Doe&email=johndoe@example.com with {} and HTTP headers {"Accept"=>"application/json", "Content-Type"=>"application/json", "HTTP_AUTHORIZATION"=>"Basic ZDQ1ZWE1OTMtNWU0OC00ODY5LWI1M2UtNzE5ZDRkNzJkNTM0OkkreGJ3dkdyUmlZQmlrRjlVUnZqbmJjQ3lXTmc=", "HTTP_REFERER"=>"/api/organizations?name=Pizza Shop"}
D, [2016-08-24T02:47:40.416368 #19546] DEBUG -- : REQUESTING PAGE: POST /api/users/d7f1c64d-1b48-4ffe-8aea-a6faaf26e20a/products?name=Pizza&category=food with {} and HTTP headers {"Accept"=>"application/json", "Content-Type"=>"application/json", "HTTP_AUTHORIZATION"=>"Basic ZDQ1ZWE1OTMtNWU0OC00ODY5LWI1M2UtNzE5ZDRkNzJkNTM0OkkreGJ3dkdyUmlZQmlrRjlVUnZqbmJjQ3lXTmc=", "HTTP_REFERER"=>"/api/users?first_name=John&last_name=Doe&email=johndoe@example.com"}
D, [2016-08-24T02:47:40.417706 #19546] DEBUG -- : REQUESTING PAGE: POST /api/users/d7f1c64d-1b48-4ffe-8aea-a6faaf26e20a/products?name=Pizza&category=food with {} and HTTP headers {"Accept"=>"application/json", "Content-Type"=>"application/json", "HTTP_AUTHORIZATION"=>"Basic ZDQ1ZWE1OTMtNWU0OC00ODY5LWI1M2UtNzE5ZDRkNzJkNTM0OkkreGJ3dkdyUmlZQmlrRjlVUnZqbmJjQ3lXTmc=", "HTTP_REFERER"=>"/api/users/d7f1c64d-1b48-4ffe-8aea-a6faaf26e20a/products?name=Pizza&category=food"}
D, [2016-08-24T02:47:40.419355 #19546] DEBUG -- : REQUESTING PAGE: GET /api/users/d7f1c64d-1b48-4ffe-8aea-a6faaf26e20a/products with {} and HTTP headers {"Accept"=>"application/json", "Content-Type"=>"application/json", "HTTP_AUTHORIZATION"=>"Basic ZDQ1ZWE1OTMtNWU0OC00ODY5LWI1M2UtNzE5ZDRkNzJkNTM0OkkreGJ3dkdyUmlZQmlrRjlVUnZqbmJjQ3lXTmc=", "HTTP_REFERER"=>"/api/users/d7f1c64d-1b48-4ffe-8aea-a6faaf26e20a/products?name=Pizza&category=food"}
D, [2016-08-24T02:47:40.423455 #19546] DEBUG -- : REQUESTING PAGE: POST /api/organizations?name=Pizza Shop with {} and HTTP headers {"Accept"=>"application/json", "Content-Type"=>"application/json"}
D, [2016-08-24T02:47:40.425312 #19546] DEBUG -- : REQUESTING PAGE: POST /api/users?first_name=John&last_name=Doe&email=johndoe@example.com with {} and HTTP headers {"Accept"=>"application/json", "Content-Type"=>"application/json", "HTTP_AUTHORIZATION"=>"Basic ZWYyYWVmNjgtODg0My00YmI0LWJjMjMtNWYyYzYyNWRhYzFiOjljRHNYdHVEeXVBRFFJOXBKZjgvU2lwT3VnYTQ=", "HTTP_REFERER"=>"/api/organizations?name=Pizza Shop"}
D, [2016-08-24T02:47:40.428719 #19546] DEBUG -- : REQUESTING PAGE: POST /api/organizations?name=Pizza Shop with {} and HTTP headers {"Accept"=>"application/json", "Content-Type"=>"application/json"}
D, [2016-08-24T02:47:40.430427 #19546] DEBUG -- : REQUESTING PAGE: POST /api/users?first_name=John 0&last_name=Doe&email=johndoe0@example.com with {} and HTTP headers {"Accept"=>"application/json", "Content-Type"=>"application/json", "HTTP_AUTHORIZATION"=>"Basic ZjkzMzI3ZjEtODk5Zi00M2ZmLTlkYmEtZDA1ZWE5ZTg5ODY4OiswMC9TUGRlcmxFWGNaK1c4N0FHSmt5RkRoOC8=", "HTTP_REFERER"=>"/api/organizations?name=Pizza Shop"}
D, [2016-08-24T02:47:40.431526 #19546] DEBUG -- : REQUESTING PAGE: POST /api/users?first_name=John 1&last_name=Doe&email=johndoe1@example.com with {} and HTTP headers {"Accept"=>"application/json", "Content-Type"=>"application/json", "HTTP_AUTHORIZATION"=>"Basic ZjkzMzI3ZjEtODk5Zi00M2ZmLTlkYmEtZDA1ZWE5ZTg5ODY4OiswMC9TUGRlcmxFWGNaK1c4N0FHSmt5RkRoOC8=", "HTTP_REFERER"=>"/api/users?first_name=John 0&last_name=Doe&email=johndoe0@example.com"}
D, [2016-08-24T02:47:40.433343 #19546] DEBUG -- : REQUESTING PAGE: GET /api/users with {} and HTTP headers {"Accept"=>"application/json", "Content-Type"=>"application/json", "HTTP_AUTHORIZATION"=>"Basic ZjkzMzI3ZjEtODk5Zi00M2ZmLTlkYmEtZDA1ZWE5ZTg5ODY4OiswMC9TUGRlcmxFWGNaK1c4N0FHSmt5RkRoOC8=", "HTTP_REFERER"=>"/api/users?first_name=John 1&last_name=Doe&email=johndoe1@example.com"}
D, [2016-08-24T02:47:42.755575 #19548] DEBUG -- : REQUESTING PAGE: POST /api/organizations?name=Pizza Shop with {} and HTTP headers {"Accept"=>"application/json", "Content-Type"=>"application/json"}
D, [2016-08-24T02:47:42.798344 #19548] DEBUG -- : REQUESTING PAGE: POST /api/organizations?name=Pizza Shop with {} and HTTP headers {"Accept"=>"application/json", "Content-Type"=>"application/json"}
D, [2016-08-24T02:47:42.800668 #19548] DEBUG -- : REQUESTING PAGE: POST /api/users?first_name=John&last_name=Doe&email=johndoe@example.com with {} and HTTP headers {"Accept"=>"application/json", "Content-Type"=>"application/json", "HTTP_AUTHORIZATION"=>"Basic ZjJiZjlkZTMtYjNjNC00YmI1LWJmMTQtZmE5YjY3NmNiY2U1OmpBNmtzQWc2QXo5eTcvRXgrcm9XT1dLRFU4KzQ=", "HTTP_REFERER"=>"/api/organizations?name=Pizza Shop"}
D, [2016-08-24T02:47:42.806557 #19548] DEBUG -- : REQUESTING PAGE: POST /api/users/fcfab499-1c36-49b1-b7ec-efc7bbe1323c/products?name=Pizza&category=food with {} and HTTP headers {"Accept"=>"application/json", "Content-Type"=>"application/json", "HTTP_AUTHORIZATION"=>"Basic ZjJiZjlkZTMtYjNjNC00YmI1LWJmMTQtZmE5YjY3NmNiY2U1OmpBNmtzQWc2QXo5eTcvRXgrcm9XT1dLRFU4KzQ=", "HTTP_REFERER"=>"/api/users?first_name=John&last_name=Doe&email=johndoe@example.com"}
D, [2016-08-24T02:47:42.812142 #19548] DEBUG -- : REQUESTING PAGE: POST /api/organizations?name=Pizza Shop with {} and HTTP headers {"Accept"=>"application/json", "Content-Type"=>"application/json"}
D, [2016-08-24T02:47:42.814194 #19548] DEBUG -- : REQUESTING PAGE: POST /api/users?first_name=John&last_name=Doe&email=johndoe@example.com with {} and HTTP headers {"Accept"=>"application/json", "Content-Type"=>"application/json", "HTTP_AUTHORIZATION"=>"Basic ZTkzMGQ0OGQtNzI5Zi00MGUzLTljZmYtOGUyZGVlOGYxODY2OnRDN0hQbWdXQzM1NmxWaTdYQXZKaVcxYnd0ZVg=", "HTTP_REFERER"=>"/api/organizations?name=Pizza Shop"}
D, [2016-08-24T02:47:42.816091 #19548] DEBUG -- : REQUESTING PAGE: POST /api/users/11d09c4d-bc31-4025-a489-72fc166b48ec/products?name=Pizza&category=food with {} and HTTP headers {"Accept"=>"application/json", "Content-Type"=>"application/json", "HTTP_AUTHORIZATION"=>"Basic ZTkzMGQ0OGQtNzI5Zi00MGUzLTljZmYtOGUyZGVlOGYxODY2OnRDN0hQbWdXQzM1NmxWaTdYQXZKaVcxYnd0ZVg=", "HTTP_REFERER"=>"/api/users?first_name=John&last_name=Doe&email=johndoe@example.com"}
D, [2016-08-24T02:47:42.817374 #19548] DEBUG -- : REQUESTING PAGE: POST /api/users/11d09c4d-bc31-4025-a489-72fc166b48ec/products?name=Pizza&category=food with {} and HTTP headers {"Accept"=>"application/json", "Content-Type"=>"application/json", "HTTP_AUTHORIZATION"=>"Basic ZTkzMGQ0OGQtNzI5Zi00MGUzLTljZmYtOGUyZGVlOGYxODY2OnRDN0hQbWdXQzM1NmxWaTdYQXZKaVcxYnd0ZVg=", "HTTP_REFERER"=>"/api/users/11d09c4d-bc31-4025-a489-72fc166b48ec/products?name=Pizza&category=food"}
D, [2016-08-24T02:47:42.818738 #19548] DEBUG -- : REQUESTING PAGE: GET /api/users/11d09c4d-bc31-4025-a489-72fc166b48ec/products with {} and HTTP headers {"Accept"=>"application/json", "Content-Type"=>"application/json", "HTTP_AUTHORIZATION"=>"Basic ZTkzMGQ0OGQtNzI5Zi00MGUzLTljZmYtOGUyZGVlOGYxODY2OnRDN0hQbWdXQzM1NmxWaTdYQXZKaVcxYnd0ZVg=", "HTTP_REFERER"=>"/api/users/11d09c4d-bc31-4025-a489-72fc166b48ec/products?name=Pizza&category=food"}
D, [2016-08-24T02:47:42.823163 #19548] DEBUG -- : REQUESTING PAGE: POST /api/organizations?name=Pizza Shop with {} and HTTP headers {"Accept"=>"application/json", "Content-Type"=>"application/json"}
D, [2016-08-24T02:47:42.825297 #19548] DEBUG -- : REQUESTING PAGE: POST /api/users?first_name=John&last_name=Doe&email=johndoe@example.com with {} and HTTP headers {"Accept"=>"application/json", "Content-Type"=>"application/json", "HTTP_AUTHORIZATION"=>"Basic OGEzZDgzNzItZGEzMC00MGUxLWIwYjQtZDY1N2NmN2I5YWY0OkJSMGVYdXZKcjRPbS9kMzRMT1B6TXFtV2xJa1U=", "HTTP_REFERER"=>"/api/organizations?name=Pizza Shop"}
D, [2016-08-24T02:47:42.829070 #19548] DEBUG -- : REQUESTING PAGE: POST /api/organizations?name=Pizza Shop with {} and HTTP headers {"Accept"=>"application/json", "Content-Type"=>"application/json"}
D, [2016-08-24T02:47:42.830918 #19548] DEBUG -- : REQUESTING PAGE: POST /api/users?first_name=John 0&last_name=Doe&email=johndoe0@example.com with {} and HTTP headers {"Accept"=>"application/json", "Content-Type"=>"application/json", "HTTP_AUTHORIZATION"=>"Basic NzQ5Yzk1ZmItZWM1ZS00MjdkLThiMWUtMWMyN2VhM2I0N2YxOkt0WEVmczFYSGhtYTVyVDBXMnJXQkN4RU0vaEU=", "HTTP_REFERER"=>"/api/organizations?name=Pizza Shop"}
D, [2016-08-24T02:47:42.832065 #19548] DEBUG -- : REQUESTING PAGE: POST /api/users?first_name=John 1&last_name=Doe&email=johndoe1@example.com with {} and HTTP headers {"Accept"=>"application/json", "Content-Type"=>"application/json", "HTTP_AUTHORIZATION"=>"Basic NzQ5Yzk1ZmItZWM1ZS00MjdkLThiMWUtMWMyN2VhM2I0N2YxOkt0WEVmczFYSGhtYTVyVDBXMnJXQkN4RU0vaEU=", "HTTP_REFERER"=>"/api/users?first_name=John 0&last_name=Doe&email=johndoe0@example.com"}
D, [2016-08-24T02:47:42.833438 #19548] DEBUG -- : REQUESTING PAGE: GET /api/users with {} and HTTP headers {"Accept"=>"application/json", "Content-Type"=>"application/json", "HTTP_AUTHORIZATION"=>"Basic NzQ5Yzk1ZmItZWM1ZS00MjdkLThiMWUtMWMyN2VhM2I0N2YxOkt0WEVmczFYSGhtYTVyVDBXMnJXQkN4RU0vaEU=", "HTTP_REFERER"=>"/api/users?first_name=John 1&last_name=Doe&email=johndoe1@example.com"}
D, [2016-08-24T02:47:44.680301 #19550] DEBUG -- : REQUESTING PAGE: POST /api/organizations?name=Pizza Shop with {} and HTTP headers {"Accept"=>"application/json", "Content-Type"=>"application/json"}
D, [2016-08-24T02:47:44.718627 #19550] DEBUG -- : REQUESTING PAGE: POST /api/organizations?name=Pizza Shop with {} and HTTP headers {"Accept"=>"application/json", "Content-Type"=>"application/json"}
D, [2016-08-24T02:47:44.720649 #19550] DEBUG -- : REQUESTING PAGE: POST /api/users?first_name=John&last_name=Doe&email=johndoe@example.com with {} and HTTP headers {"Accept"=>"application/json", "Content-Type"=>"application/json", "HTTP_AUTHORIZATION"=>"Basic MWE4MTUzYWItZTFmZi00YzY5LThlODMtYzlhMDE5ZDBjNzY0OmNoNWg3YUszYkU4Q1c0azhiWnIxemtQUW01UFQ=", "HTTP_REFERER"=>"/api/organizations?name=Pizza Shop"}
D, [2016-08-24T02:47:44.725648 #19550] DEBUG -- : REQUESTING PAGE: POST /api/users/4fe786a4-3c46-40a2-a05a-8f10e638c99c/products?name=Pizza&category=food with {} and HTTP headers {"Accept"=>"application/json", "Content-Type"=>"application/json", "HTTP_AUTHORIZATION"=>"Basic MWE4MTUzYWItZTFmZi00YzY5LThlODMtYzlhMDE5ZDBjNzY0OmNoNWg3YUszYkU4Q1c0azhiWnIxemtQUW01UFQ=", "HTTP_REFERER"=>"/api/users?first_name=John&last_name=Doe&email=johndoe@example.com"}
D, [2016-08-24T02:47:44.731252 #19550] DEBUG -- : REQUESTING PAGE: POST /api/organizations?name=Pizza Shop with {} and HTTP headers {"Accept"=>"application/json", "Content-Type"=>"application/json"}
D, [2016-08-24T02:47:44.733347 #19550] DEBUG -- : REQUESTING PAGE: POST /api/users?first_name=John&last_name=Doe&email=johndoe@example.com with {} and HTTP headers {"Accept"=>"application/json", "Content-Type"=>"application/json", "HTTP_AUTHORIZATION"=>"Basic OWQ3NzE5NTMtMzU4MC00MWI2LWIzNDQtZWIyODg3NDVmNzdjOnhLR2NoYmQrKzRia2pTU2RUajYvaVpVOTd6TFo=", "HTTP_REFERER"=>"/api/organizations?name=Pizza Shop"}
D, [2016-08-24T02:47:44.735287 #19550] DEBUG -- : REQUESTING PAGE: POST /api/users/465ad2a8-a93e-428d-b292-6e898fe9ce09/products?name=Pizza&category=food with {} and HTTP headers {"Accept"=>"application/json", "Content-Type"=>"application/json", "HTTP_AUTHORIZATION"=>"Basic OWQ3NzE5NTMtMzU4MC00MWI2LWIzNDQtZWIyODg3NDVmNzdjOnhLR2NoYmQrKzRia2pTU2RUajYvaVpVOTd6TFo=", "HTTP_REFERER"=>"/api/users?first_name=John&last_name=Doe&email=johndoe@example.com"}
D, [2016-08-24T02:47:44.736632 #19550] DEBUG -- : REQUESTING PAGE: POST /api/users/465ad2a8-a93e-428d-b292-6e898fe9ce09/products?name=Pizza&category=food with {} and HTTP headers {"Accept"=>"application/json", "Content-Type"=>"application/json", "HTTP_AUTHORIZATION"=>"Basic OWQ3NzE5NTMtMzU4MC00MWI2LWIzNDQtZWIyODg3NDVmNzdjOnhLR2NoYmQrKzRia2pTU2RUajYvaVpVOTd6TFo=", "HTTP_REFERER"=>"/api/users/465ad2a8-a93e-428d-b292-6e898fe9ce09/products?name=Pizza&category=food"}
D, [2016-08-24T02:47:44.738310 #19550] DEBUG -- : REQUESTING PAGE: GET /api/users/465ad2a8-a93e-428d-b292-6e898fe9ce09/products with {} and HTTP headers {"Accept"=>"application/json", "Content-Type"=>"application/json", "HTTP_AUTHORIZATION"=>"Basic OWQ3NzE5NTMtMzU4MC00MWI2LWIzNDQtZWIyODg3NDVmNzdjOnhLR2NoYmQrKzRia2pTU2RUajYvaVpVOTd6TFo=", "HTTP_REFERER"=>"/api/users/465ad2a8-a93e-428d-b292-6e898fe9ce09/products?name=Pizza&category=food"}
D, [2016-08-24T02:47:44.743320 #19550] DEBUG -- : REQUESTING PAGE: POST /api/organizations?name=Pizza Shop with {} and HTTP headers {"Accept"=>"application/json", "Content-Type"=>"application/json"}
D, [2016-08-24T02:47:44.745366 #19550] DEBUG -- : REQUESTING PAGE: POST /api/users?first_name=John&last_name=Doe&email=johndoe@example.com with {} and HTTP headers {"Accept"=>"application/json", "Content-Type"=>"application/json", "HTTP_AUTHORIZATION"=>"Basic MWJmZTkzODMtYjlmZi00NDg5LTgzNDYtMjk4Nzg3MjBjMmIxOmJmREVpOVQ2WE50MW1zRCtxb3dsZUZRT1BrOWo=", "HTTP_REFERER"=>"/api/organizations?name=Pizza Shop"}
D, [2016-08-24T02:47:44.748889 #19550] DEBUG -- : REQUESTING PAGE: POST /api/organizations?name=Pizza Shop with {} and HTTP headers {"Accept"=>"application/json", "Content-Type"=>"application/json"}
D, [2016-08-24T02:47:44.750516 #19550] DEBUG -- : REQUESTING PAGE: POST /api/users?first_name=John 0&last_name=Doe&email=johndoe0@example.com with {} and HTTP headers {"Accept"=>"application/json", "Content-Type"=>"application/json", "HTTP_AUTHORIZATION"=>"Basic MmEzZWEyNGQtMjg2Mi00OWU2LThkOTAtMWZmMDFmZDhmY2E4OnVieC9MUVVhTFhPL04zR3hOeFVuNWtnVlp4Kys=", "HTTP_REFERER"=>"/api/organizations?name=Pizza Shop"}
D, [2016-08-24T02:47:44.751637 #19550] DEBUG -- : REQUESTING PAGE: POST /api/users?first_name=John 1&last_name=Doe&email=johndoe1@example.com with {} and HTTP headers {"Accept"=>"application/json", "Content-Type"=>"application/json", "HTTP_AUTHORIZATION"=>"Basic MmEzZWEyNGQtMjg2Mi00OWU2LThkOTAtMWZmMDFmZDhmY2E4OnVieC9MUVVhTFhPL04zR3hOeFVuNWtnVlp4Kys=", "HTTP_REFERER"=>"/api/users?first_name=John 0&last_name=Doe&email=johndoe0@example.com"}
D, [2016-08-24T02:47:44.753946 #19550] DEBUG -- : REQUESTING PAGE: GET /api/users with {} and HTTP headers {"Accept"=>"application/json", "Content-Type"=>"application/json", "HTTP_AUTHORIZATION"=>"Basic MmEzZWEyNGQtMjg2Mi00OWU2LThkOTAtMWZmMDFmZDhmY2E4OnVieC9MUVVhTFhPL04zR3hOeFVuNWtnVlp4Kys=", "HTTP_REFERER"=>"/api/users?first_name=John 1&last_name=Doe&email=johndoe1@example.com"}
